#-----------------------------------------------------------
# Vivado v2020.1 (64-bit)
# SW Build 2902540 on Wed May 27 19:54:49 MDT 2020
# IP Build 2902112 on Wed May 27 22:43:36 MDT 2020
# Start of session at: Sun Oct  4 02:08:55 2020
# Process ID: 12708
# Current directory: c:/Users/ethan/Documents/GitHub/Ray-Tracing/FPGA HDL/work/vivado/mig_7series_0_ex
# Command line: vivado.exe -notrace -source c:/Users/ethan/Documents/GitHub/Ray-Tracing/FPGA HDL/work/vivado/WhittedV1/WhittedV1.srcs/sources_1/ip/mig_7series_0/mig_7series_0_ex.tcl
# Log file: c:/Users/ethan/Documents/GitHub/Ray-Tracing/FPGA HDL/work/vivado/mig_7series_0_ex/vivado.log
# Journal file: c:/Users/ethan/Documents/GitHub/Ray-Tracing/FPGA HDL/work/vivado/mig_7series_0_ex\vivado.jou
#-----------------------------------------------------------
start_gui
source {c:/Users/ethan/Documents/GitHub/Ray-Tracing/FPGA HDL/work/vivado/WhittedV1/WhittedV1.srcs/sources_1/ip/mig_7series_0/mig_7series_0_ex.tcl} -notrace
INFO: [open_example_project] Creating new example project...
INFO: [ProjectBase 1-489] The host OS only allows 260 characters in a normal path. The project is stored in a path with more than 80 characters. If you experience issues with IP, Block Designs, or files not being found, please consider moving the project to a location with a shorter path. Alternately consider using the OS subst command to map part of the path to a drive letter.
Current project path is 'c:/Users/ethan/Documents/GitHub/Ray-Tracing/FPGA HDL/work/vivado/mig_7series_0_ex'
INFO: [IP_Flow 19-234] Refreshing IP repositories
INFO: [IP_Flow 19-1704] No user IP repositories specified
INFO: [IP_Flow 19-2313] Loaded Vivado IP repository 'I:/Xilinx/Vivado/2020.1/data/ip'.
create_project: Time (s): cpu = 00:00:19 ; elapsed = 00:00:13 . Memory (MB): peak = 1073.273 ; gain = 0.000
ERROR: [Vivado 12-172] File or Directory 'HDL/work/vivado/WhittedV1/WhittedV1.srcs/sources_1/ip/mig_7series_0/../../../../../../../cores/managed_ip_project/mig.prj' does not exist
exit
INFO: [Common 17-206] Exiting Vivado at Sun Oct  4 02:09:46 2020...
