The system is: CYGWIN - 3.1.4(0.340/5/3) - x86_64
Compiling the C compiler identification source file "CMakeCCompilerId.c" succeeded.
Compiler: /cygdrive/c/MinGW/bin/gcc.exe 
Build flags: 
Id flags:  

The output was:
0


Compilation of the C compiler identification source "CMakeCCompilerId.c" produced "a.exe"

The C compiler identification is GNU, found in "/cygdrive/c/Users/ethan/Documents/GitHub/Ray-Tracing/Sphere Demo/cmake-build-debug-cygwin/CMakeFiles/3.14.5/CompilerIdC/a.exe"

Compiling the CXX compiler identification source file "CMakeCXXCompilerId.cpp" succeeded.
Compiler: /cygdrive/c/MinGW/bin/c++.exe 
Build flags: 
Id flags:  

The output was:
0


Compilation of the CXX compiler identification source "CMakeCXXCompilerId.cpp" produced "a.exe"

The CXX compiler identification is GNU, found in "/cygdrive/c/Users/ethan/Documents/GitHub/Ray-Tracing/Sphere Demo/cmake-build-debug-cygwin/CMakeFiles/3.14.5/CompilerIdCXX/a.exe"

Compiling the CXX compiler identification source file "CMakeCXXCompilerId.cpp" succeeded.
Compiler: /cygdrive/c/MinGW/bin/c++.exe 
Build flags: 
Id flags:  

The output was:
0


Compilation of the CXX compiler identification source "CMakeCXXCompilerId.cpp" produced "a.exe"

The CXX compiler identification is GNU, found in "/cygdrive/c/Users/ethan/Documents/GitHub/Ray-Tracing/Sphere Demo/cmake-build-debug-cygwin/CMakeFiles/3.14.5/CompilerIdCXX/a.exe"

Compiling the CXX compiler identification source file "CMakeCXXCompilerId.cpp" succeeded.
Compiler: /cygdrive/c/MinGW/bin/c++.exe 
Build flags: 
Id flags:  

The output was:
0


Compilation of the CXX compiler identification source "CMakeCXXCompilerId.cpp" produced "a.exe"

The CXX compiler identification is GNU, found in "/cygdrive/c/Users/ethan/Documents/GitHub/Ray-Tracing/Sphere Demo/cmake-build-debug-cygwin/CMakeFiles/3.14.5/CompilerIdCXX/a.exe"

