Copyright 1986-2020 Xilinx, Inc. All Rights Reserved.
-------------------------------------------------------------------------------------------------
| Tool Version              : Vivado v.2020.1 (win64) Build 2902540 Wed May 27 19:54:49 MDT 2020
| Date                      : Sun Oct  4 22:41:31 2020
| Host                      : Tony-Maloney running 64-bit major release  (build 9200)
| Command                   : report_io -file Top_io_placed.rpt
| Design                    : Top
| Device                    : xc7a35t
| Speed File                : -1
| Package                   : ftg256
| Package Version           : FINAL 2013-12-20
| Package Pin Delay Version : VERS. 2.0 2013-12-20
-------------------------------------------------------------------------------------------------

IO Information

Table of Contents
-----------------
1. Summary
2. IO Assignments by Package Pin

1. Summary
----------

+---------------+
| Total User IO |
+---------------+
|            60 |
+---------------+


2. IO Assignments by Package Pin
--------------------------------

+------------+---------------+------------+------------------------------+-------------+--------------+---------+------------+------+---------------------+----------------------+---------+------------+-----------+----------+----------+------------------+--------------+-------------------+--------------+
| Pin Number | Signal Name   | Bank Type  | Pin Name                     | Use         | IO Standard  | IO Bank | Drive (mA) | Slew | On-Chip Termination | Off-Chip Termination | Voltage | Constraint | Pull Type | DQS Bias | Vref     | Signal Integrity | Pre Emphasis | Lvds Pre Emphasis | Equalization |
+------------+---------------+------------+------------------------------+-------------+--------------+---------+------------+------+---------------------+----------------------+---------+------------+-----------+----------+----------+------------------+--------------+-------------------+--------------+
| A1         |               |            | GND                          | GND         |              |         |            |      |                     |                      |     0.0 |            |           |          |          |                  |              |                   |              |
| A2         |               | High Range | IO_L8N_T1_AD14N_35           | User IO     |              |      35 |            |      |                     |                      |         |            |           |          |          |                  |              |                   |              |
| A3         |               | High Range | IO_L4N_T0_35                 | User IO     |              |      35 |            |      |                     |                      |         |            |           |          |          |                  |              |                   |              |
| A4         |               | High Range | IO_L3N_T0_DQS_AD5N_35        | User IO     |              |      35 |            |      |                     |                      |         |            |           |          |          |                  |              |                   |              |
| A5         |               | High Range | IO_L3P_T0_DQS_AD5P_35        | User IO     |              |      35 |            |      |                     |                      |         |            |           |          |          |                  |              |                   |              |
| A6         |               | High Range | VCCO_35                      | VCCO        |              |      35 |            |      |                     |                      |   any** |            |           |          |          |                  |              |                   |              |
| A7         |               | High Range | IO_L1N_T0_AD4N_35            | User IO     |              |      35 |            |      |                     |                      |         |            |           |          |          |                  |              |                   |              |
| A8         | ddr3_dq[13]   | High Range | IO_L2P_T0_AD8P_15            | BIDIR       | SSTL135      |      15 |            | FAST |    UNTUNED_SPLIT_50 |            FP_VTT_50 |         | FIXED      |           |          | Internal | NONE             |              |                   |              |
| A9         | ddr3_dq[15]   | High Range | IO_L2N_T0_AD8N_15            | BIDIR       | SSTL135      |      15 |            | FAST |    UNTUNED_SPLIT_50 |            FP_VTT_50 |         | FIXED      |           |          | Internal | NONE             |              |                   |              |
| A10        | ddr3_dqs_n[1] | High Range | IO_L3N_T0_DQS_AD1N_15        | BIDIR       | DIFF_SSTL135 |      15 |            | FAST |                     |            FP_VTT_50 |         | FIXED      |           |          |          | NONE             |              |                   |              |
| A11        |               |            | GND                          | GND         |              |         |            |      |                     |                      |     0.0 |            |           |          |          |                  |              |                   |              |
| A12        | ddr3_dq[12]   | High Range | IO_L5N_T0_AD9N_15            | BIDIR       | SSTL135      |      15 |            | FAST |    UNTUNED_SPLIT_50 |            FP_VTT_50 |         | FIXED      |           |          | Internal | NONE             |              |                   |              |
| A13        | ddr3_dq[0]    | High Range | IO_L7P_T1_AD2P_15            | BIDIR       | SSTL135      |      15 |            | FAST |    UNTUNED_SPLIT_50 |            FP_VTT_50 |         | FIXED      |           |          | Internal | NONE             |              |                   |              |
| A14        | ddr3_dm[0]    | High Range | IO_L7N_T1_AD2N_15            | TRISTATE    | SSTL135      |      15 |            | FAST |                     |            FP_VTT_50 |         | FIXED      |           |          |          | NONE             |              |                   |              |
| A15        | ddr3_dqs_n[0] | High Range | IO_L9N_T1_DQS_AD3N_15        | BIDIR       | DIFF_SSTL135 |      15 |            | FAST |                     |            FP_VTT_50 |         | FIXED      |           |          |          | NONE             |              |                   |              |
| A16        |               | High Range | VCCO_15                      | VCCO        |              |      15 |            |      |                     |                      |    1.35 |            |           |          |          |                  |              |                   |              |
| B1         |               | High Range | IO_L9N_T1_DQS_AD7N_35        | User IO     |              |      35 |            |      |                     |                      |         |            |           |          |          |                  |              |                   |              |
| B2         |               | High Range | IO_L8P_T1_AD14P_35           | User IO     |              |      35 |            |      |                     |                      |         |            |           |          |          |                  |              |                   |              |
| B3         |               | High Range | VCCO_35                      | VCCO        |              |      35 |            |      |                     |                      |   any** |            |           |          |          |                  |              |                   |              |
| B4         |               | High Range | IO_L4P_T0_35                 | User IO     |              |      35 |            |      |                     |                      |         |            |           |          |          |                  |              |                   |              |
| B5         |               | High Range | IO_L2N_T0_AD12N_35           | User IO     |              |      35 |            |      |                     |                      |         |            |           |          |          |                  |              |                   |              |
| B6         |               | High Range | IO_L2P_T0_AD12P_35           | User IO     |              |      35 |            |      |                     |                      |         |            |           |          |          |                  |              |                   |              |
| B7         |               | High Range | IO_L1P_T0_AD4P_35            | User IO     |              |      35 |            |      |                     |                      |         |            |           |          |          |                  |              |                   |              |
| B8         |               |            | GND                          | GND         |              |         |            |      |                     |                      |     0.0 |            |           |          |          |                  |              |                   |              |
| B9         | ddr3_dqs_p[1] | High Range | IO_L3P_T0_DQS_AD1P_15        | BIDIR       | DIFF_SSTL135 |      15 |            | FAST |                     |            FP_VTT_50 |         | FIXED      |           |          |          | NONE             |              |                   |              |
| B10        | ddr3_dq[11]   | High Range | IO_L4P_T0_15                 | BIDIR       | SSTL135      |      15 |            | FAST |    UNTUNED_SPLIT_50 |            FP_VTT_50 |         | FIXED      |           |          | Internal | NONE             |              |                   |              |
| B11        | ddr3_dq[9]    | High Range | IO_L4N_T0_15                 | BIDIR       | SSTL135      |      15 |            | FAST |    UNTUNED_SPLIT_50 |            FP_VTT_50 |         | FIXED      |           |          | Internal | NONE             |              |                   |              |
| B12        | ddr3_dq[14]   | High Range | IO_L5P_T0_AD9P_15            | BIDIR       | SSTL135      |      15 |            | FAST |    UNTUNED_SPLIT_50 |            FP_VTT_50 |         | FIXED      |           |          | Internal | NONE             |              |                   |              |
| B13        |               | High Range | VCCO_15                      | VCCO        |              |      15 |            |      |                     |                      |    1.35 |            |           |          |          |                  |              |                   |              |
| B14        | ddr3_dq[2]    | High Range | IO_L8N_T1_AD10N_15           | BIDIR       | SSTL135      |      15 |            | FAST |    UNTUNED_SPLIT_50 |            FP_VTT_50 |         | FIXED      |           |          | Internal | NONE             |              |                   |              |
| B15        | ddr3_dqs_p[0] | High Range | IO_L9P_T1_DQS_AD3P_15        | BIDIR       | DIFF_SSTL135 |      15 |            | FAST |                     |            FP_VTT_50 |         | FIXED      |           |          |          | NONE             |              |                   |              |
| B16        | ddr3_dq[1]    | High Range | IO_L10N_T1_AD11N_15          | BIDIR       | SSTL135      |      15 |            | FAST |    UNTUNED_SPLIT_50 |            FP_VTT_50 |         | FIXED      |           |          | Internal | NONE             |              |                   |              |
| C1         |               | High Range | IO_L9P_T1_DQS_AD7P_35        | User IO     |              |      35 |            |      |                     |                      |         |            |           |          |          |                  |              |                   |              |
| C2         |               | High Range | IO_L7N_T1_AD6N_35            | User IO     |              |      35 |            |      |                     |                      |         |            |           |          |          |                  |              |                   |              |
| C3         |               | High Range | IO_L7P_T1_AD6P_35            | User IO     |              |      35 |            |      |                     |                      |         |            |           |          |          |                  |              |                   |              |
| C4         |               | High Range | IO_L12N_T1_MRCC_35           | User IO     |              |      35 |            |      |                     |                      |         |            |           |          |          |                  |              |                   |              |
| C5         |               |            | GND                          | GND         |              |         |            |      |                     |                      |     0.0 |            |           |          |          |                  |              |                   |              |
| C6         |               | High Range | IO_L5N_T0_AD13N_35           | User IO     |              |      35 |            |      |                     |                      |         |            |           |          |          |                  |              |                   |              |
| C7         |               | High Range | IO_L5P_T0_AD13P_35           | User IO     |              |      35 |            |      |                     |                      |         |            |           |          |          |                  |              |                   |              |
| C8         | ddr3_dq[10]   | High Range | IO_L1P_T0_AD0P_15            | BIDIR       | SSTL135      |      15 |            | FAST |    UNTUNED_SPLIT_50 |            FP_VTT_50 |         | FIXED      |           |          | Internal | NONE             |              |                   |              |
| C9         | ddr3_dm[1]    | High Range | IO_L1N_T0_AD0N_15            | TRISTATE    | SSTL135      |      15 |            | FAST |                     |            FP_VTT_50 |         | FIXED      |           |          |          | NONE             |              |                   |              |
| C10        |               | High Range | VCCO_15                      | VCCO        |              |      15 |            |      |                     |                      |    1.35 |            |           |          |          |                  |              |                   |              |
| C11        | ddr3_dq[3]    | High Range | IO_L11P_T1_SRCC_15           | BIDIR       | SSTL135      |      15 |            | FAST |    UNTUNED_SPLIT_50 |            FP_VTT_50 |         | FIXED      |           |          | Internal | NONE             |              |                   |              |
| C12        | ddr3_dq[6]    | High Range | IO_L11N_T1_SRCC_15           | BIDIR       | SSTL135      |      15 |            | FAST |    UNTUNED_SPLIT_50 |            FP_VTT_50 |         | FIXED      |           |          | Internal | NONE             |              |                   |              |
| C13        | ddr3_dq[4]    | High Range | IO_L12N_T1_MRCC_15           | BIDIR       | SSTL135      |      15 |            | FAST |    UNTUNED_SPLIT_50 |            FP_VTT_50 |         | FIXED      |           |          | Internal | NONE             |              |                   |              |
| C14        | ddr3_dq[7]    | High Range | IO_L8P_T1_AD10P_15           | BIDIR       | SSTL135      |      15 |            | FAST |    UNTUNED_SPLIT_50 |            FP_VTT_50 |         | FIXED      |           |          | Internal | NONE             |              |                   |              |
| C15        |               |            | GND                          | GND         |              |         |            |      |                     |                      |     0.0 |            |           |          |          |                  |              |                   |              |
| C16        | ddr3_dq[5]    | High Range | IO_L10P_T1_AD11P_15          | BIDIR       | SSTL135      |      15 |            | FAST |    UNTUNED_SPLIT_50 |            FP_VTT_50 |         | FIXED      |           |          | Internal | NONE             |              |                   |              |
| D1         |               | High Range | IO_L10N_T1_AD15N_35          | User IO     |              |      35 |            |      |                     |                      |         |            |           |          |          |                  |              |                   |              |
| D2         |               |            | GND                          | GND         |              |         |            |      |                     |                      |     0.0 |            |           |          |          |                  |              |                   |              |
| D3         |               | High Range | IO_L11N_T1_SRCC_35           | User IO     |              |      35 |            |      |                     |                      |         |            |           |          |          |                  |              |                   |              |
| D4         |               | High Range | IO_L12P_T1_MRCC_35           | User IO     |              |      35 |            |      |                     |                      |         |            |           |          |          |                  |              |                   |              |
| D5         |               | High Range | IO_L6N_T0_VREF_35            | User IO     |              |      35 |            |      |                     |                      |         |            |           |          |          |                  |              |                   |              |
| D6         |               | High Range | IO_L6P_T0_35                 | User IO     |              |      35 |            |      |                     |                      |         |            |           |          |          |                  |              |                   |              |
| D7         |               | High Range | VCCO_35                      | VCCO        |              |      35 |            |      |                     |                      |   any** |            |           |          |          |                  |              |                   |              |
| D8         | ddr3_dq[8]    | High Range | IO_L6P_T0_15                 | BIDIR       | SSTL135      |      15 |            | FAST |    UNTUNED_SPLIT_50 |            FP_VTT_50 |         | FIXED      |           |          | Internal | NONE             |              |                   |              |
| D9         |               | High Range | IO_L6N_T0_VREF_15            | User IO     |              |      15 |            |      |                     |                      |         |            |           |          |          |                  |              |                   |              |
| D10        |               | High Range | IO_0_15                      | User IO     |              |      15 |            |      |                     |                      |         |            |           |          |          |                  |              |                   |              |
| D11        | ddr3_ras_n    | High Range | IO_L14N_T2_SRCC_15           | OUTPUT      | SSTL135      |      15 |            | FAST |                     |            FP_VTT_50 |         | FIXED      |           |          |          | NONE             |              |                   |              |
| D12        |               |            | GND                          | GND         |              |         |            |      |                     |                      |     0.0 |            |           |          |          |                  |              |                   |              |
| D13        | ddr3_reset_n  | High Range | IO_L12P_T1_MRCC_15           | OUTPUT      | SSTL135      |      15 |            | FAST |                     |            FP_VTT_50 |         | FIXED      |           |          |          | NONE             |              |                   |              |
| D14        | ddr3_cas_n    | High Range | IO_L15P_T2_DQS_15            | OUTPUT      | SSTL135      |      15 |            | FAST |                     |            FP_VTT_50 |         | FIXED      |           |          |          | NONE             |              |                   |              |
| D15        | ddr3_cke      | High Range | IO_L15N_T2_DQS_ADV_B_15      | OUTPUT      | SSTL135      |      15 |            | FAST |                     |            FP_VTT_50 |         | FIXED      |           |          |          | NONE             |              |                   |              |
| D16        | ddr3_cs_n     | High Range | IO_L17N_T2_A25_15            | OUTPUT      | SSTL135      |      15 |            | FAST |                     |            FP_VTT_50 |         | FIXED      |           |          |          | NONE             |              |                   |              |
| E1         |               | High Range | IO_L15N_T2_DQS_35            | User IO     |              |      35 |            |      |                     |                      |         |            |           |          |          |                  |              |                   |              |
| E2         |               | High Range | IO_L10P_T1_AD15P_35          | User IO     |              |      35 |            |      |                     |                      |         |            |           |          |          |                  |              |                   |              |
| E3         |               | High Range | IO_L11P_T1_SRCC_35           | User IO     |              |      35 |            |      |                     |                      |         |            |           |          |          |                  |              |                   |              |
| E4         |               | High Range | VCCO_35                      | VCCO        |              |      35 |            |      |                     |                      |   any** |            |           |          |          |                  |              |                   |              |
| E5         |               | High Range | IO_L13N_T2_MRCC_35           | User IO     |              |      35 |            |      |                     |                      |         |            |           |          |          |                  |              |                   |              |
| E6         |               | High Range | IO_0_35                      | User IO     |              |      35 |            |      |                     |                      |         |            |           |          |          |                  |              |                   |              |
| E7         |               | Dedicated  | CFGBVS_0                     | Config      |              |       0 |            |      |                     |                      |    3.30 |            |           |          |          |                  |              |                   |              |
| E8         |               | Dedicated  | CCLK_0                       | Config      |              |       0 |            |      |                     |                      |         |            |           |          |          |                  |              |                   |              |
| E9         |               |            | GND                          | GND         |              |         |            |      |                     |                      |     0.0 |            |           |          |          |                  |              |                   |              |
| E10        |               |            | VCCBRAM                      | VCCBRAM     |              |         |            |      |                     |                      |         |            |           |          |          |                  |              |                   |              |
| E11        | ddr3_we_n     | High Range | IO_L14P_T2_SRCC_15           | OUTPUT      | SSTL135      |      15 |            | FAST |                     |            FP_VTT_50 |         | FIXED      |           |          |          | NONE             |              |                   |              |
| E12        | ddr3_addr[10] | High Range | IO_L13P_T2_MRCC_15           | OUTPUT      | SSTL135      |      15 |            | FAST |                     |            FP_VTT_50 |         | FIXED      |           |          |          | NONE             |              |                   |              |
| E13        | ddr3_ba[0]    | High Range | IO_L13N_T2_MRCC_15           | OUTPUT      | SSTL135      |      15 |            | FAST |                     |            FP_VTT_50 |         | FIXED      |           |          |          | NONE             |              |                   |              |
| E14        |               | High Range | VCCO_15                      | VCCO        |              |      15 |            |      |                     |                      |    1.35 |            |           |          |          |                  |              |                   |              |
| E15        | ddr3_ba[2]    | High Range | IO_L18N_T2_A23_15            | OUTPUT      | SSTL135      |      15 |            | FAST |                     |            FP_VTT_50 |         | FIXED      |           |          |          | NONE             |              |                   |              |
| E16        | ddr3_addr[3]  | High Range | IO_L17P_T2_A26_15            | OUTPUT      | SSTL135      |      15 |            | FAST |                     |            FP_VTT_50 |         | FIXED      |           |          |          | NONE             |              |                   |              |
| F1         |               | High Range | VCCO_35                      | VCCO        |              |      35 |            |      |                     |                      |   any** |            |           |          |          |                  |              |                   |              |
| F2         |               | High Range | IO_L15P_T2_DQS_35            | User IO     |              |      35 |            |      |                     |                      |         |            |           |          |          |                  |              |                   |              |
| F3         |               | High Range | IO_L14N_T2_SRCC_35           | User IO     |              |      35 |            |      |                     |                      |         |            |           |          |          |                  |              |                   |              |
| F4         |               | High Range | IO_L14P_T2_SRCC_35           | User IO     |              |      35 |            |      |                     |                      |         |            |           |          |          |                  |              |                   |              |
| F5         |               | High Range | IO_L13P_T2_MRCC_35           | User IO     |              |      35 |            |      |                     |                      |         |            |           |          |          |                  |              |                   |              |
| F6         |               |            | GND                          | GND         |              |         |            |      |                     |                      |     0.0 |            |           |          |          |                  |              |                   |              |
| F7         |               |            | VCCINT                       | VCCINT      |              |         |            |      |                     |                      |         |            |           |          |          |                  |              |                   |              |
| F8         |               | Dedicated  | VCCBATT_0                    | Config      |              |       0 |            |      |                     |                      |         |            |           |          |          |                  |              |                   |              |
| F9         |               |            | VCCINT                       | VCCINT      |              |         |            |      |                     |                      |         |            |           |          |          |                  |              |                   |              |
| F10        |               |            | GND                          | GND         |              |         |            |      |                     |                      |     0.0 |            |           |          |          |                  |              |                   |              |
| F11        |               |            | VCCBRAM                      | VCCBRAM     |              |         |            |      |                     |                      |         |            |           |          |          |                  |              |                   |              |
| F12        | ddr3_addr[0]  | High Range | IO_L16P_T2_A28_15            | OUTPUT      | SSTL135      |      15 |            | FAST |                     |            FP_VTT_50 |         | FIXED      |           |          |          | NONE             |              |                   |              |
| F13        | ddr3_addr[12] | High Range | IO_L16N_T2_A27_15            | OUTPUT      | SSTL135      |      15 |            | FAST |                     |            FP_VTT_50 |         | FIXED      |           |          |          | NONE             |              |                   |              |
| F14        | ddr3_ck_n     | High Range | IO_L21N_T3_DQS_A18_15        | OUTPUT      | DIFF_SSTL135 |      15 |            | FAST |                     |            FP_VTT_50 |         | FIXED      |           |          |          | NONE             |              |                   |              |
| F15        | ddr3_ba[1]    | High Range | IO_L18P_T2_A24_15            | OUTPUT      | SSTL135      |      15 |            | FAST |                     |            FP_VTT_50 |         | FIXED      |           |          |          | NONE             |              |                   |              |
| F16        |               |            | GND                          | GND         |              |         |            |      |                     |                      |     0.0 |            |           |          |          |                  |              |                   |              |
| G1         |               | High Range | IO_L17N_T2_35                | User IO     |              |      35 |            |      |                     |                      |         |            |           |          |          |                  |              |                   |              |
| G2         |               | High Range | IO_L17P_T2_35                | User IO     |              |      35 |            |      |                     |                      |         |            |           |          |          |                  |              |                   |              |
| G3         |               |            | GND                          | GND         |              |         |            |      |                     |                      |     0.0 |            |           |          |          |                  |              |                   |              |
| G4         |               | High Range | IO_L16N_T2_35                | User IO     |              |      35 |            |      |                     |                      |         |            |           |          |          |                  |              |                   |              |
| G5         |               | High Range | IO_L16P_T2_35                | User IO     |              |      35 |            |      |                     |                      |         |            |           |          |          |                  |              |                   |              |
| G6         |               |            | VCCINT                       | VCCINT      |              |         |            |      |                     |                      |         |            |           |          |          |                  |              |                   |              |
| G7         |               | Dedicated  | GNDADC_0                     | XADC        |              |       0 |            |      |                     |                      |         |            |           |          |          |                  |              |                   |              |
| G8         |               | Dedicated  | VCCADC_0                     | XADC        |              |       0 |            |      |                     |                      |         |            |           |          |          |                  |              |                   |              |
| G9         |               |            | GND                          | GND         |              |         |            |      |                     |                      |     0.0 |            |           |          |          |                  |              |                   |              |
| G10        |               |            | VCCAUX                       | VCCAUX      |              |         |            |      |                     |                      |    1.80 |            |           |          |          |                  |              |                   |              |
| G11        | ddr3_odt      | High Range | IO_25_15                     | OUTPUT      | SSTL135      |      15 |            | FAST |                     |            FP_VTT_50 |         | FIXED      |           |          |          | NONE             |              |                   |              |
| G12        | ddr3_addr[5]  | High Range | IO_L19N_T3_A21_VREF_15       | OUTPUT      | SSTL135      |      15 |            | FAST |                     |            FP_VTT_50 |         | FIXED      |           |          |          | NONE             |              |                   |              |
| G13        |               |            | GND                          | GND         |              |         |            |      |                     |                      |     0.0 |            |           |          |          |                  |              |                   |              |
| G14        | ddr3_ck_p     | High Range | IO_L21P_T3_DQS_15            | OUTPUT      | DIFF_SSTL135 |      15 |            | FAST |                     |            FP_VTT_50 |         | FIXED      |           |          |          | NONE             |              |                   |              |
| G15        | ddr3_addr[2]  | High Range | IO_L24N_T3_RS0_15            | OUTPUT      | SSTL135      |      15 |            | FAST |                     |            FP_VTT_50 |         | FIXED      |           |          |          | NONE             |              |                   |              |
| G16        | ddr3_addr[1]  | High Range | IO_L22N_T3_A16_15            | OUTPUT      | SSTL135      |      15 |            | FAST |                     |            FP_VTT_50 |         | FIXED      |           |          |          | NONE             |              |                   |              |
| H1         |               | High Range | IO_L20N_T3_35                | User IO     |              |      35 |            |      |                     |                      |         |            |           |          |          |                  |              |                   |              |
| H2         |               | High Range | IO_L20P_T3_35                | User IO     |              |      35 |            |      |                     |                      |         |            |           |          |          |                  |              |                   |              |
| H3         |               | High Range | IO_L21N_T3_DQS_35            | User IO     |              |      35 |            |      |                     |                      |         |            |           |          |          |                  |              |                   |              |
| H4         |               | High Range | IO_L18N_T2_35                | User IO     |              |      35 |            |      |                     |                      |         |            |           |          |          |                  |              |                   |              |
| H5         |               | High Range | IO_L18P_T2_35                | User IO     |              |      35 |            |      |                     |                      |         |            |           |          |          |                  |              |                   |              |
| H6         |               |            | GND                          | GND         |              |         |            |      |                     |                      |     0.0 |            |           |          |          |                  |              |                   |              |
| H7         |               | Dedicated  | VREFN_0                      | XADC        |              |       0 |            |      |                     |                      |         |            |           |          |          |                  |              |                   |              |
| H8         |               | Dedicated  | VP_0                         | XADC        |              |       0 |            |      |                     |                      |         |            |           |          |          |                  |              |                   |              |
| H9         |               |            | VCCINT                       | VCCINT      |              |         |            |      |                     |                      |         |            |           |          |          |                  |              |                   |              |
| H10        |               | Dedicated  | DONE_0                       | Config      |              |       0 |            |      |                     |                      |         |            |           |          |          |                  |              |                   |              |
| H11        | ddr3_addr[4]  | High Range | IO_L19P_T3_A22_15            | OUTPUT      | SSTL135      |      15 |            | FAST |                     |            FP_VTT_50 |         | FIXED      |           |          |          | NONE             |              |                   |              |
| H12        | ddr3_addr[7]  | High Range | IO_L20P_T3_A20_15            | OUTPUT      | SSTL135      |      15 |            | FAST |                     |            FP_VTT_50 |         | FIXED      |           |          |          | NONE             |              |                   |              |
| H13        | ddr3_addr[9]  | High Range | IO_L20N_T3_A19_15            | OUTPUT      | SSTL135      |      15 |            | FAST |                     |            FP_VTT_50 |         | FIXED      |           |          |          | NONE             |              |                   |              |
| H14        | ddr3_addr[11] | High Range | IO_L24P_T3_RS1_15            | OUTPUT      | SSTL135      |      15 |            | FAST |                     |            FP_VTT_50 |         | FIXED      |           |          |          | NONE             |              |                   |              |
| H15        |               | High Range | VCCO_15                      | VCCO        |              |      15 |            |      |                     |                      |    1.35 |            |           |          |          |                  |              |                   |              |
| H16        | ddr3_addr[6]  | High Range | IO_L22P_T3_A17_15            | OUTPUT      | SSTL135      |      15 |            | FAST |                     |            FP_VTT_50 |         | FIXED      |           |          |          | NONE             |              |                   |              |
| J1         |               | High Range | IO_L22N_T3_35                | User IO     |              |      35 |            |      |                     |                      |         |            |           |          |          |                  |              |                   |              |
| J2         |               | High Range | VCCO_35                      | VCCO        |              |      35 |            |      |                     |                      |   any** |            |           |          |          |                  |              |                   |              |
| J3         |               | High Range | IO_L21P_T3_DQS_35            | User IO     |              |      35 |            |      |                     |                      |         |            |           |          |          |                  |              |                   |              |
| J4         |               | High Range | IO_L19N_T3_VREF_35           | User IO     |              |      35 |            |      |                     |                      |         |            |           |          |          |                  |              |                   |              |
| J5         |               | High Range | IO_L19P_T3_35                | User IO     |              |      35 |            |      |                     |                      |         |            |           |          |          |                  |              |                   |              |
| J6         |               |            | VCCINT                       | VCCINT      |              |         |            |      |                     |                      |         |            |           |          |          |                  |              |                   |              |
| J7         |               | Dedicated  | VN_0                         | XADC        |              |       0 |            |      |                     |                      |         |            |           |          |          |                  |              |                   |              |
| J8         |               | Dedicated  | VREFP_0                      | XADC        |              |       0 |            |      |                     |                      |         |            |           |          |          |                  |              |                   |              |
| J9         |               |            | GND                          | GND         |              |         |            |      |                     |                      |     0.0 |            |           |          |          |                  |              |                   |              |
| J10        |               |            | VCCAUX                       | VCCAUX      |              |         |            |      |                     |                      |    1.80 |            |           |          |          |                  |              |                   |              |
| J11        |               |            | GND                          | GND         |              |         |            |      |                     |                      |     0.0 |            |           |          |          |                  |              |                   |              |
| J12        |               | High Range | VCCO_15                      | VCCO        |              |      15 |            |      |                     |                      |    1.35 |            |           |          |          |                  |              |                   |              |
| J13        |               | High Range | IO_L1P_T0_D00_MOSI_14        | User IO     |              |      14 |            |      |                     |                      |         |            |           |          |          |                  |              |                   |              |
| J14        |               | High Range | IO_L1N_T0_D01_DIN_14         | User IO     |              |      14 |            |      |                     |                      |         |            |           |          |          |                  |              |                   |              |
| J15        | ddr3_addr[13] | High Range | IO_L23P_T3_FOE_B_15          | OUTPUT      | SSTL135      |      15 |            | FAST |                     |            FP_VTT_50 |         | FIXED      |           |          |          | NONE             |              |                   |              |
| J16        | ddr3_addr[8]  | High Range | IO_L23N_T3_FWE_B_15          | OUTPUT      | SSTL135      |      15 |            | FAST |                     |            FP_VTT_50 |         | FIXED      |           |          |          | NONE             |              |                   |              |
| K1         |               | High Range | IO_L22P_T3_35                | User IO     |              |      35 |            |      |                     |                      |         |            |           |          |          |                  |              |                   |              |
| K2         |               | High Range | IO_L24N_T3_35                | User IO     |              |      35 |            |      |                     |                      |         |            |           |          |          |                  |              |                   |              |
| K3         |               | High Range | IO_L24P_T3_35                | User IO     |              |      35 |            |      |                     |                      |         |            |           |          |          |                  |              |                   |              |
| K4         |               |            | GND                          | GND         |              |         |            |      |                     |                      |     0.0 |            |           |          |          |                  |              |                   |              |
| K5         |               | High Range | IO_25_35                     | User IO     |              |      35 |            |      |                     |                      |         |            |           |          |          |                  |              |                   |              |
| K6         |               |            | GND                          | GND         |              |         |            |      |                     |                      |     0.0 |            |           |          |          |                  |              |                   |              |
| K7         |               | Dedicated  | DXN_0                        | Temp Sensor |              |       0 |            |      |                     |                      |         |            |           |          |          |                  |              |                   |              |
| K8         |               | Dedicated  | DXP_0                        | Temp Sensor |              |       0 |            |      |                     |                      |         |            |           |          |          |                  |              |                   |              |
| K9         |               |            | VCCINT                       | VCCINT      |              |         |            |      |                     |                      |         |            |           |          |          |                  |              |                   |              |
| K10        |               | Dedicated  | INIT_B_0                     | Config      |              |       0 |            |      |                     |                      |         |            |           |          |          |                  |              |                   |              |
| K11        |               |            | VCCAUX                       | VCCAUX      |              |         |            |      |                     |                      |    1.80 |            |           |          |          |                  |              |                   |              |
| K12        | led[1]        | High Range | IO_0_14                      | OUTPUT      | LVCMOS33     |      14 |         12 | SLOW |                     |            FP_VTT_50 |         | FIXED      |           |          |          | NONE             |              |                   |              |
| K13        | led[0]        | High Range | IO_L5P_T0_D06_14             | OUTPUT      | LVCMOS33     |      14 |         12 | SLOW |                     |            FP_VTT_50 |         | FIXED      |           |          |          | NONE             |              |                   |              |
| K14        |               |            | GND                          | GND         |              |         |            |      |                     |                      |     0.0 |            |           |          |          |                  |              |                   |              |
| K15        |               | High Range | IO_L2P_T0_D02_14             | User IO     |              |      14 |            |      |                     |                      |         |            |           |          |          |                  |              |                   |              |
| K16        |               | High Range | IO_L2N_T0_D03_14             | User IO     |              |      14 |            |      |                     |                      |         |            |           |          |          |                  |              |                   |              |
| L1         |               |            | GND                          | GND         |              |         |            |      |                     |                      |     0.0 |            |           |          |          |                  |              |                   |              |
| L2         |               | High Range | IO_L23N_T3_35                | User IO     |              |      35 |            |      |                     |                      |         |            |           |          |          |                  |              |                   |              |
| L3         |               | High Range | IO_L23P_T3_35                | User IO     |              |      35 |            |      |                     |                      |         |            |           |          |          |                  |              |                   |              |
| L4         |               | High Range | IO_L1P_T0_34                 | User IO     |              |      34 |            |      |                     |                      |         |            |           |          |          |                  |              |                   |              |
| L5         |               | High Range | IO_0_34                      | User IO     |              |      34 |            |      |                     |                      |         |            |           |          |          |                  |              |                   |              |
| L6         |               | Dedicated  | VCCO_0                       | VCCO        |              |       0 |            |      |                     |                      |    3.30 |            |           |          |          |                  |              |                   |              |
| L7         |               | Dedicated  | TCK_0                        | Config      |              |       0 |            |      |                     |                      |         |            |           |          |          |                  |              |                   |              |
| L8         |               |            | VCCINT                       | VCCINT      |              |         |            |      |                     |                      |         |            |           |          |          |                  |              |                   |              |
| L9         |               | Dedicated  | PROGRAM_B_0                  | Config      |              |       0 |            |      |                     |                      |         |            |           |          |          |                  |              |                   |              |
| L10        |               |            | VCCAUX                       | VCCAUX      |              |         |            |      |                     |                      |    1.80 |            |           |          |          |                  |              |                   |              |
| L11        |               |            | GND                          | GND         |              |         |            |      |                     |                      |     0.0 |            |           |          |          |                  |              |                   |              |
| L12        |               | High Range | IO_L6P_T0_FCS_B_14           | User IO     |              |      14 |            |      |                     |                      |         |            |           |          |          |                  |              |                   |              |
| L13        | led[3]        | High Range | IO_L5N_T0_D07_14             | OUTPUT      | LVCMOS33     |      14 |         12 | SLOW |                     |            FP_VTT_50 |         | FIXED      |           |          |          | NONE             |              |                   |              |
| L14        | led[2]        | High Range | IO_L4P_T0_D04_14             | OUTPUT      | LVCMOS33     |      14 |         12 | SLOW |                     |            FP_VTT_50 |         | FIXED      |           |          |          | NONE             |              |                   |              |
| L15        |               | High Range | IO_L3P_T0_DQS_PUDC_B_14      | User IO     |              |      14 |            |      |                     |                      |         |            |           |          |          |                  |              |                   |              |
| L16        |               | High Range | VCCO_14                      | VCCO        |              |      14 |            |      |                     |                      |    3.30 |            |           |          |          |                  |              |                   |              |
| M1         |               | High Range | IO_L2N_T0_34                 | User IO     |              |      34 |            |      |                     |                      |         |            |           |          |          |                  |              |                   |              |
| M2         |               | High Range | IO_L2P_T0_34                 | User IO     |              |      34 |            |      |                     |                      |         |            |           |          |          |                  |              |                   |              |
| M3         |               | High Range | VCCO_34                      | VCCO        |              |      34 |            |      |                     |                      |   any** |            |           |          |          |                  |              |                   |              |
| M4         |               | High Range | IO_L1N_T0_34                 | User IO     |              |      34 |            |      |                     |                      |         |            |           |          |          |                  |              |                   |              |
| M5         |               | High Range | IO_L6P_T0_34                 | User IO     |              |      34 |            |      |                     |                      |         |            |           |          |          |                  |              |                   |              |
| M6         |               | High Range | IO_L19P_T3_A10_D26_14        | User IO     |              |      14 |            |      |                     |                      |         |            |           |          |          |                  |              |                   |              |
| M7         |               | Dedicated  | TMS_0                        | Config      |              |       0 |            |      |                     |                      |         |            |           |          |          |                  |              |                   |              |
| M8         |               |            | GND                          | GND         |              |         |            |      |                     |                      |     0.0 |            |           |          |          |                  |              |                   |              |
| M9         |               | Dedicated  | M0_0                         | Config      |              |       0 |            |      |                     |                      |         |            |           |          |          |                  |              |                   |              |
| M10        |               | Dedicated  | M1_0                         | Config      |              |       0 |            |      |                     |                      |         |            |           |          |          |                  |              |                   |              |
| M11        |               | Dedicated  | M2_0                         | Config      |              |       0 |            |      |                     |                      |         |            |           |          |          |                  |              |                   |              |
| M12        | led[6]        | High Range | IO_L6N_T0_D08_VREF_14        | OUTPUT      | LVCMOS33     |      14 |         12 | SLOW |                     |            FP_VTT_50 |         | FIXED      |           |          |          | NONE             |              |                   |              |
| M13        |               | High Range | VCCO_14                      | VCCO        |              |      14 |            |      |                     |                      |    3.30 |            |           |          |          |                  |              |                   |              |
| M14        | led[5]        | High Range | IO_L4N_T0_D05_14             | OUTPUT      | LVCMOS33     |      14 |         12 | SLOW |                     |            FP_VTT_50 |         | FIXED      |           |          |          | NONE             |              |                   |              |
| M15        |               | High Range | IO_L3N_T0_DQS_EMCCLK_14      | User IO     |              |      14 |            |      |                     |                      |         |            |           |          |          |                  |              |                   |              |
| M16        | led[4]        | High Range | IO_L7P_T1_D09_14             | OUTPUT      | LVCMOS33     |      14 |         12 | SLOW |                     |            FP_VTT_50 |         | FIXED      |           |          |          | NONE             |              |                   |              |
| N1         |               | High Range | IO_L4P_T0_34                 | User IO     |              |      34 |            |      |                     |                      |         |            |           |          |          |                  |              |                   |              |
| N2         |               | High Range | IO_L3N_T0_DQS_34             | User IO     |              |      34 |            |      |                     |                      |         |            |           |          |          |                  |              |                   |              |
| N3         |               | High Range | IO_L3P_T0_DQS_34             | User IO     |              |      34 |            |      |                     |                      |         |            |           |          |          |                  |              |                   |              |
| N4         |               | High Range | IO_L6N_T0_VREF_34            | User IO     |              |      34 |            |      |                     |                      |         |            |           |          |          |                  |              |                   |              |
| N5         |               |            | GND                          | GND         |              |         |            |      |                     |                      |     0.0 |            |           |          |          |                  |              |                   |              |
| N6         |               | High Range | IO_L19N_T3_A09_D25_VREF_14   | User IO     |              |      14 |            |      |                     |                      |         |            |           |          |          |                  |              |                   |              |
| N7         |               | Dedicated  | TDI_0                        | Config      |              |       0 |            |      |                     |                      |         |            |           |          |          |                  |              |                   |              |
| N8         |               | Dedicated  | TDO_0                        | Config      |              |       0 |            |      |                     |                      |         |            |           |          |          |                  |              |                   |              |
| N9         |               | High Range | IO_L18P_T2_A12_D28_14        | User IO     |              |      14 |            |      |                     |                      |         |            |           |          |          |                  |              |                   |              |
| N10        |               | High Range | VCCO_14                      | VCCO        |              |      14 |            |      |                     |                      |    3.30 |            |           |          |          |                  |              |                   |              |
| N11        |               | High Range | IO_L13P_T2_MRCC_14           | User IO     |              |      14 |            |      |                     |                      |         |            |           |          |          |                  |              |                   |              |
| N12        |               | High Range | IO_L13N_T2_MRCC_14           | User IO     |              |      14 |            |      |                     |                      |         |            |           |          |          |                  |              |                   |              |
| N13        |               | High Range | IO_L11P_T1_SRCC_14           | User IO     |              |      14 |            |      |                     |                      |         |            |           |          |          |                  |              |                   |              |
| N14        | clk           | High Range | IO_L12P_T1_MRCC_14           | INPUT       | LVCMOS33     |      14 |            |      |                     |                 NONE |         | FIXED      |           |          |          | NONE             |              |                   |              |
| N15        |               |            | GND                          | GND         |              |         |            |      |                     |                      |     0.0 |            |           |          |          |                  |              |                   |              |
| N16        | led[7]        | High Range | IO_L7N_T1_D10_14             | OUTPUT      | LVCMOS33     |      14 |         12 | SLOW |                     |            FP_VTT_50 |         | FIXED      |           |          |          | NONE             |              |                   |              |
| P1         |               | High Range | IO_L4N_T0_34                 | User IO     |              |      34 |            |      |                     |                      |         |            |           |          |          |                  |              |                   |              |
| P2         |               |            | GND                          | GND         |              |         |            |      |                     |                      |     0.0 |            |           |          |          |                  |              |                   |              |
| P3         |               | High Range | IO_L5N_T0_34                 | User IO     |              |      34 |            |      |                     |                      |         |            |           |          |          |                  |              |                   |              |
| P4         |               | High Range | IO_L5P_T0_34                 | User IO     |              |      34 |            |      |                     |                      |         |            |           |          |          |                  |              |                   |              |
| P5         |               | High Range | IO_L10P_T1_34                | User IO     |              |      34 |            |      |                     |                      |         |            |           |          |          |                  |              |                   |              |
| P6         | rst           | High Range | IO_25_14                     | INPUT       | LVCMOS33     |      14 |            |      |                     |                 NONE |         | FIXED      |           |          |          | NONE             |              |                   |              |
| P7         |               | High Range | VCCO_14                      | VCCO        |              |      14 |            |      |                     |                      |    3.30 |            |           |          |          |                  |              |                   |              |
| P8         |               | High Range | IO_L20P_T3_A08_D24_14        | User IO     |              |      14 |            |      |                     |                      |         |            |           |          |          |                  |              |                   |              |
| P9         |               | High Range | IO_L18N_T2_A11_D27_14        | User IO     |              |      14 |            |      |                     |                      |         |            |           |          |          |                  |              |                   |              |
| P10        |               | High Range | IO_L14P_T2_SRCC_14           | User IO     |              |      14 |            |      |                     |                      |         |            |           |          |          |                  |              |                   |              |
| P11        |               | High Range | IO_L14N_T2_SRCC_14           | User IO     |              |      14 |            |      |                     |                      |         |            |           |          |          |                  |              |                   |              |
| P12        |               |            | GND                          | GND         |              |         |            |      |                     |                      |     0.0 |            |           |          |          |                  |              |                   |              |
| P13        |               | High Range | IO_L11N_T1_SRCC_14           | User IO     |              |      14 |            |      |                     |                      |         |            |           |          |          |                  |              |                   |              |
| P14        |               | High Range | IO_L12N_T1_MRCC_14           | User IO     |              |      14 |            |      |                     |                      |         |            |           |          |          |                  |              |                   |              |
| P15        | usb_rx        | High Range | IO_L8P_T1_D11_14             | INPUT       | LVCMOS33     |      14 |            |      |                     |                 NONE |         | FIXED      |           |          |          | NONE             |              |                   |              |
| P16        | usb_tx        | High Range | IO_L8N_T1_D12_14             | OUTPUT      | LVCMOS33     |      14 |         12 | SLOW |                     |            FP_VTT_50 |         | FIXED      |           |          |          | NONE             |              |                   |              |
| R1         |               | High Range | IO_L7N_T1_34                 | User IO     |              |      34 |            |      |                     |                      |         |            |           |          |          |                  |              |                   |              |
| R2         |               | High Range | IO_L7P_T1_34                 | User IO     |              |      34 |            |      |                     |                      |         |            |           |          |          |                  |              |                   |              |
| R3         |               | High Range | IO_L8P_T1_34                 | User IO     |              |      34 |            |      |                     |                      |         |            |           |          |          |                  |              |                   |              |
| R4         |               | High Range | VCCO_34                      | VCCO        |              |      34 |            |      |                     |                      |   any** |            |           |          |          |                  |              |                   |              |
| R5         |               | High Range | IO_L23P_T3_A03_D19_14        | User IO     |              |      14 |            |      |                     |                      |         |            |           |          |          |                  |              |                   |              |
| R6         |               | High Range | IO_L24P_T3_A01_D17_14        | User IO     |              |      14 |            |      |                     |                      |         |            |           |          |          |                  |              |                   |              |
| R7         |               | High Range | IO_L24N_T3_A00_D16_14        | User IO     |              |      14 |            |      |                     |                      |         |            |           |          |          |                  |              |                   |              |
| R8         |               | High Range | IO_L20N_T3_A07_D23_14        | User IO     |              |      14 |            |      |                     |                      |         |            |           |          |          |                  |              |                   |              |
| R9         |               |            | GND                          | GND         |              |         |            |      |                     |                      |     0.0 |            |           |          |          |                  |              |                   |              |
| R10        |               | High Range | IO_L17P_T2_A14_D30_14        | User IO     |              |      14 |            |      |                     |                      |         |            |           |          |          |                  |              |                   |              |
| R11        |               | High Range | IO_L17N_T2_A13_D29_14        | User IO     |              |      14 |            |      |                     |                      |         |            |           |          |          |                  |              |                   |              |
| R12        |               | High Range | IO_L15P_T2_DQS_RDWR_B_14     | User IO     |              |      14 |            |      |                     |                      |         |            |           |          |          |                  |              |                   |              |
| R13        |               | High Range | IO_L16P_T2_CSI_B_14          | User IO     |              |      14 |            |      |                     |                      |         |            |           |          |          |                  |              |                   |              |
| R14        |               | High Range | VCCO_14                      | VCCO        |              |      14 |            |      |                     |                      |    3.30 |            |           |          |          |                  |              |                   |              |
| R15        |               | High Range | IO_L9P_T1_DQS_14             | User IO     |              |      14 |            |      |                     |                      |         |            |           |          |          |                  |              |                   |              |
| R16        |               | High Range | IO_L9N_T1_DQS_D13_14         | User IO     |              |      14 |            |      |                     |                      |         |            |           |          |          |                  |              |                   |              |
| T1         |               | High Range | VCCO_34                      | VCCO        |              |      34 |            |      |                     |                      |   any** |            |           |          |          |                  |              |                   |              |
| T2         |               | High Range | IO_L8N_T1_34                 | User IO     |              |      34 |            |      |                     |                      |         |            |           |          |          |                  |              |                   |              |
| T3         |               | High Range | IO_L9N_T1_DQS_34             | User IO     |              |      34 |            |      |                     |                      |         |            |           |          |          |                  |              |                   |              |
| T4         |               | High Range | IO_L9P_T1_DQS_34             | User IO     |              |      34 |            |      |                     |                      |         |            |           |          |          |                  |              |                   |              |
| T5         |               | High Range | IO_L23N_T3_A02_D18_14        | User IO     |              |      14 |            |      |                     |                      |         |            |           |          |          |                  |              |                   |              |
| T6         |               |            | GND                          | GND         |              |         |            |      |                     |                      |     0.0 |            |           |          |          |                  |              |                   |              |
| T7         |               | High Range | IO_L21P_T3_DQS_14            | User IO     |              |      14 |            |      |                     |                      |         |            |           |          |          |                  |              |                   |              |
| T8         |               | High Range | IO_L21N_T3_DQS_A06_D22_14    | User IO     |              |      14 |            |      |                     |                      |         |            |           |          |          |                  |              |                   |              |
| T9         |               | High Range | IO_L22P_T3_A05_D21_14        | User IO     |              |      14 |            |      |                     |                      |         |            |           |          |          |                  |              |                   |              |
| T10        |               | High Range | IO_L22N_T3_A04_D20_14        | User IO     |              |      14 |            |      |                     |                      |         |            |           |          |          |                  |              |                   |              |
| T11        |               | High Range | VCCO_14                      | VCCO        |              |      14 |            |      |                     |                      |    3.30 |            |           |          |          |                  |              |                   |              |
| T12        |               | High Range | IO_L15N_T2_DQS_DOUT_CSO_B_14 | User IO     |              |      14 |            |      |                     |                      |         |            |           |          |          |                  |              |                   |              |
| T13        |               | High Range | IO_L16N_T2_A15_D31_14        | User IO     |              |      14 |            |      |                     |                      |         |            |           |          |          |                  |              |                   |              |
| T14        |               | High Range | IO_L10P_T1_D14_14            | User IO     |              |      14 |            |      |                     |                      |         |            |           |          |          |                  |              |                   |              |
| T15        |               | High Range | IO_L10N_T1_D15_14            | User IO     |              |      14 |            |      |                     |                      |         |            |           |          |          |                  |              |                   |              |
| T16        |               |            | GND                          | GND         |              |         |            |      |                     |                      |     0.0 |            |           |          |          |                  |              |                   |              |
+------------+---------------+------------+------------------------------+-------------+--------------+---------+------------+------+---------------------+----------------------+---------+------------+-----------+----------+----------+------------------+--------------+-------------------+--------------+
* Default value
** Special VCCO requirements may apply. Please consult the device family datasheet for specific guideline on VCCO requirements.


