
*** Running vivado
    with args -log Top.vds -m64 -product Vivado -mode batch -messageDb vivado.pb -notrace -source Top.tcl



****** Vivado v2020.1 (64-bit)
  **** SW Build 2902540 on Wed May 27 19:54:49 MDT 2020
  **** IP Build 2902112 on Wed May 27 22:43:36 MDT 2020
    ** Copyright 1986-2020 Xilinx, Inc. All Rights Reserved.

source Top.tcl -notrace
Command: synth_design -top Top -part xc7a35tftg256-1
Starting synth_design
Attempting to get a license for feature 'Synthesis' and/or device 'xc7a35t'
INFO: [Common 17-349] Got license for feature 'Synthesis' and/or device 'xc7a35t'
INFO: [Device 21-403] Loading part xc7a35tftg256-1
INFO: [Synth 8-7079] Multithreading enabled for synth_design using a maximum of 2 processes.
INFO: [Synth 8-7078] Launching helper process for spawning children vivado processes
INFO: [Synth 8-7075] Helper process launched with PID 13984
---------------------------------------------------------------------------------
Starting RTL Elaboration : Time (s): cpu = 00:00:05 ; elapsed = 00:00:06 . Memory (MB): peak = 1080.977 ; gain = 0.000
---------------------------------------------------------------------------------
INFO: [Synth 8-6157] synthesizing module 'Top' [C:/Users/ethan/Documents/GitHub/Ray-Tracing/FPGA HDL/work/vivado/WhittedV1/WhittedV1.srcs/sources_1/new/Top.v:21]
INFO: [Synth 8-6157] synthesizing module 'MemController' [C:/Users/ethan/Documents/GitHub/Ray-Tracing/FPGA HDL/work/vivado/WhittedV1/WhittedV1.srcs/sources_1/imports/verilog/au_top_0.v:20]
	Parameter WRITE_DATA bound to: 3'b000 
	Parameter WRITE_CMD bound to: 3'b001 
	Parameter READ_CMD bound to: 3'b010 
	Parameter READ bound to: 3'b011 
	Parameter WAIT_READ bound to: 3'b100 
	Parameter DELAY bound to: 3'b101 
INFO: [Synth 8-6157] synthesizing module 'clk_wiz_0' [C:/Users/ethan/Documents/GitHub/Ray-Tracing/FPGA HDL/work/vivado/WhittedV1/WhittedV1.runs/synth_1/.Xil/Vivado-28200-Tony-Maloney/realtime/clk_wiz_0_stub.v:5]
INFO: [Synth 8-6155] done synthesizing module 'clk_wiz_0' (1#1) [C:/Users/ethan/Documents/GitHub/Ray-Tracing/FPGA HDL/work/vivado/WhittedV1/WhittedV1.runs/synth_1/.Xil/Vivado-28200-Tony-Maloney/realtime/clk_wiz_0_stub.v:5]
INFO: [Synth 8-6157] synthesizing module 'mig_7series_0' [C:/Users/ethan/Documents/GitHub/Ray-Tracing/FPGA HDL/work/vivado/WhittedV1/WhittedV1.runs/synth_1/.Xil/Vivado-28200-Tony-Maloney/realtime/mig_7series_0_stub.v:5]
INFO: [Synth 8-6155] done synthesizing module 'mig_7series_0' (2#1) [C:/Users/ethan/Documents/GitHub/Ray-Tracing/FPGA HDL/work/vivado/WhittedV1/WhittedV1.runs/synth_1/.Xil/Vivado-28200-Tony-Maloney/realtime/mig_7series_0_stub.v:5]
WARNING: [Synth 8-7071] port 'app_rd_data_end' of module 'mig_7series_0' is unconnected for instance 'mig' [C:/Users/ethan/Documents/GitHub/Ray-Tracing/FPGA HDL/work/vivado/WhittedV1/WhittedV1.srcs/sources_1/imports/verilog/au_top_0.v:82]
WARNING: [Synth 8-7071] port 'app_sr_active' of module 'mig_7series_0' is unconnected for instance 'mig' [C:/Users/ethan/Documents/GitHub/Ray-Tracing/FPGA HDL/work/vivado/WhittedV1/WhittedV1.srcs/sources_1/imports/verilog/au_top_0.v:82]
WARNING: [Synth 8-7071] port 'app_ref_ack' of module 'mig_7series_0' is unconnected for instance 'mig' [C:/Users/ethan/Documents/GitHub/Ray-Tracing/FPGA HDL/work/vivado/WhittedV1/WhittedV1.srcs/sources_1/imports/verilog/au_top_0.v:82]
WARNING: [Synth 8-7071] port 'app_zq_ack' of module 'mig_7series_0' is unconnected for instance 'mig' [C:/Users/ethan/Documents/GitHub/Ray-Tracing/FPGA HDL/work/vivado/WhittedV1/WhittedV1.srcs/sources_1/imports/verilog/au_top_0.v:82]
WARNING: [Synth 8-7071] port 'init_calib_complete' of module 'mig_7series_0' is unconnected for instance 'mig' [C:/Users/ethan/Documents/GitHub/Ray-Tracing/FPGA HDL/work/vivado/WhittedV1/WhittedV1.srcs/sources_1/imports/verilog/au_top_0.v:82]
WARNING: [Synth 8-7071] port 'device_temp' of module 'mig_7series_0' is unconnected for instance 'mig' [C:/Users/ethan/Documents/GitHub/Ray-Tracing/FPGA HDL/work/vivado/WhittedV1/WhittedV1.srcs/sources_1/imports/verilog/au_top_0.v:82]
WARNING: [Synth 8-7023] instance 'mig' of module 'mig_7series_0' has 40 connections declared, but only 34 given [C:/Users/ethan/Documents/GitHub/Ray-Tracing/FPGA HDL/work/vivado/WhittedV1/WhittedV1.srcs/sources_1/imports/verilog/au_top_0.v:82]
INFO: [Synth 8-6155] done synthesizing module 'MemController' (3#1) [C:/Users/ethan/Documents/GitHub/Ray-Tracing/FPGA HDL/work/vivado/WhittedV1/WhittedV1.srcs/sources_1/imports/verilog/au_top_0.v:20]
WARNING: [Synth 8-7071] port 'led' of module 'MemController' is unconnected for instance 'ram' [C:/Users/ethan/Documents/GitHub/Ray-Tracing/FPGA HDL/work/vivado/WhittedV1/WhittedV1.srcs/sources_1/new/Top.v:52]
WARNING: [Synth 8-7023] instance 'ram' of module 'MemController' has 22 connections declared, but only 21 given [C:/Users/ethan/Documents/GitHub/Ray-Tracing/FPGA HDL/work/vivado/WhittedV1/WhittedV1.srcs/sources_1/new/Top.v:52]
INFO: [Synth 8-6155] done synthesizing module 'Top' (4#1) [C:/Users/ethan/Documents/GitHub/Ray-Tracing/FPGA HDL/work/vivado/WhittedV1/WhittedV1.srcs/sources_1/new/Top.v:21]
---------------------------------------------------------------------------------
Finished RTL Elaboration : Time (s): cpu = 00:00:06 ; elapsed = 00:00:08 . Memory (MB): peak = 1105.195 ; gain = 24.219
---------------------------------------------------------------------------------
---------------------------------------------------------------------------------
Start Handling Custom Attributes
---------------------------------------------------------------------------------
---------------------------------------------------------------------------------
Finished Handling Custom Attributes : Time (s): cpu = 00:00:07 ; elapsed = 00:00:09 . Memory (MB): peak = 1105.195 ; gain = 24.219
---------------------------------------------------------------------------------
---------------------------------------------------------------------------------
Finished RTL Optimization Phase 1 : Time (s): cpu = 00:00:07 ; elapsed = 00:00:09 . Memory (MB): peak = 1105.195 ; gain = 24.219
---------------------------------------------------------------------------------
Netlist sorting complete. Time (s): cpu = 00:00:00 ; elapsed = 00:00:00.010 . Memory (MB): peak = 1105.195 ; gain = 0.000
INFO: [Project 1-570] Preparing netlist for logic optimization

Processing XDC Constraints
Initializing timing engine
Parsing XDC File [c:/Users/ethan/Documents/GitHub/Ray-Tracing/FPGA HDL/work/vivado/WhittedV1/WhittedV1.srcs/sources_1/ip/mig_7series_0/mig_7series_0/mig_7series_0_in_context.xdc] for cell 'ram/mig'
WARNING: [Vivado 12-584] No ports matched ''. [c:/Users/ethan/Documents/GitHub/Ray-Tracing/FPGA HDL/work/vivado/WhittedV1/WhittedV1.srcs/sources_1/ip/mig_7series_0/mig_7series_0/mig_7series_0_in_context.xdc:2]
Finished Parsing XDC File [c:/Users/ethan/Documents/GitHub/Ray-Tracing/FPGA HDL/work/vivado/WhittedV1/WhittedV1.srcs/sources_1/ip/mig_7series_0/mig_7series_0/mig_7series_0_in_context.xdc] for cell 'ram/mig'
Parsing XDC File [c:/Users/ethan/Documents/GitHub/Ray-Tracing/FPGA HDL/work/vivado/WhittedV1/WhittedV1.srcs/sources_1/ip/clk_wiz_0/clk_wiz_0/clk_wiz_0_in_context.xdc] for cell 'ram/clk_wiz'
WARNING: [Vivado 12-584] No ports matched ''. [c:/Users/ethan/Documents/GitHub/Ray-Tracing/FPGA HDL/work/vivado/WhittedV1/WhittedV1.srcs/sources_1/ip/clk_wiz_0/clk_wiz_0/clk_wiz_0_in_context.xdc:1]
WARNING: [Vivado 12-584] No ports matched ''. [c:/Users/ethan/Documents/GitHub/Ray-Tracing/FPGA HDL/work/vivado/WhittedV1/WhittedV1.srcs/sources_1/ip/clk_wiz_0/clk_wiz_0/clk_wiz_0_in_context.xdc:4]
WARNING: [Vivado 12-584] No ports matched ''. [c:/Users/ethan/Documents/GitHub/Ray-Tracing/FPGA HDL/work/vivado/WhittedV1/WhittedV1.srcs/sources_1/ip/clk_wiz_0/clk_wiz_0/clk_wiz_0_in_context.xdc:6]
Finished Parsing XDC File [c:/Users/ethan/Documents/GitHub/Ray-Tracing/FPGA HDL/work/vivado/WhittedV1/WhittedV1.srcs/sources_1/ip/clk_wiz_0/clk_wiz_0/clk_wiz_0_in_context.xdc] for cell 'ram/clk_wiz'
Parsing XDC File [C:/Users/ethan/Documents/GitHub/Ray-Tracing/FPGA HDL/work/constraint/alchitry.xdc]
WARNING: [Constraints 18-619] A clock with name 'clk' already exists, overwriting the previous clock with the same name. [C:/Users/ethan/Documents/GitHub/Ray-Tracing/FPGA HDL/work/constraint/alchitry.xdc:3]
Finished Parsing XDC File [C:/Users/ethan/Documents/GitHub/Ray-Tracing/FPGA HDL/work/constraint/alchitry.xdc]
INFO: [Project 1-236] Implementation specific constraints were found while reading constraint file [C:/Users/ethan/Documents/GitHub/Ray-Tracing/FPGA HDL/work/constraint/alchitry.xdc]. These constraints will be ignored for synthesis but will be used in implementation. Impacted constraints are listed in the file [.Xil/Top_propImpl.xdc].
Resolution: To avoid this warning, move constraints listed in [.Xil/Top_propImpl.xdc] to another XDC file and exclude this new file from synthesis with the used_in_synthesis property (File Properties dialog in GUI) and re-run elaboration/synthesis.
Parsing XDC File [C:/Users/ethan/Documents/GitHub/Ray-Tracing/FPGA HDL/work/vivado/WhittedV1/WhittedV1.runs/synth_1/dont_touch.xdc]
Finished Parsing XDC File [C:/Users/ethan/Documents/GitHub/Ray-Tracing/FPGA HDL/work/vivado/WhittedV1/WhittedV1.runs/synth_1/dont_touch.xdc]
Completed Processing XDC Constraints

Netlist sorting complete. Time (s): cpu = 00:00:00 ; elapsed = 00:00:00.001 . Memory (MB): peak = 1230.203 ; gain = 0.000
INFO: [Project 1-111] Unisim Transformation Summary:
No Unisim elements were transformed.

Constraint Validation Runtime : Time (s): cpu = 00:00:00 ; elapsed = 00:00:00.052 . Memory (MB): peak = 1230.203 ; gain = 0.000
---------------------------------------------------------------------------------
Finished Constraint Validation : Time (s): cpu = 00:00:15 ; elapsed = 00:00:18 . Memory (MB): peak = 1230.203 ; gain = 149.227
---------------------------------------------------------------------------------
---------------------------------------------------------------------------------
Start Loading Part and Timing Information
---------------------------------------------------------------------------------
Loading part: xc7a35tftg256-1
---------------------------------------------------------------------------------
Finished Loading Part and Timing Information : Time (s): cpu = 00:00:15 ; elapsed = 00:00:18 . Memory (MB): peak = 1230.203 ; gain = 149.227
---------------------------------------------------------------------------------
---------------------------------------------------------------------------------
Start Applying 'set_property' XDC Constraints
---------------------------------------------------------------------------------
Applied set_property IO_BUFFER_TYPE = NONE for ddr3_addr[0]. (constraint file  {c:/Users/ethan/Documents/GitHub/Ray-Tracing/FPGA HDL/work/vivado/WhittedV1/WhittedV1.srcs/sources_1/ip/mig_7series_0/mig_7series_0/mig_7series_0_in_context.xdc}, line 3).
Applied set_property CLOCK_BUFFER_TYPE = NONE for ddr3_addr[0]. (constraint file  {c:/Users/ethan/Documents/GitHub/Ray-Tracing/FPGA HDL/work/vivado/WhittedV1/WhittedV1.srcs/sources_1/ip/mig_7series_0/mig_7series_0/mig_7series_0_in_context.xdc}, line 4).
Applied set_property IO_BUFFER_TYPE = NONE for ddr3_addr[10]. (constraint file  {c:/Users/ethan/Documents/GitHub/Ray-Tracing/FPGA HDL/work/vivado/WhittedV1/WhittedV1.srcs/sources_1/ip/mig_7series_0/mig_7series_0/mig_7series_0_in_context.xdc}, line 5).
Applied set_property CLOCK_BUFFER_TYPE = NONE for ddr3_addr[10]. (constraint file  {c:/Users/ethan/Documents/GitHub/Ray-Tracing/FPGA HDL/work/vivado/WhittedV1/WhittedV1.srcs/sources_1/ip/mig_7series_0/mig_7series_0/mig_7series_0_in_context.xdc}, line 6).
Applied set_property IO_BUFFER_TYPE = NONE for ddr3_addr[11]. (constraint file  {c:/Users/ethan/Documents/GitHub/Ray-Tracing/FPGA HDL/work/vivado/WhittedV1/WhittedV1.srcs/sources_1/ip/mig_7series_0/mig_7series_0/mig_7series_0_in_context.xdc}, line 7).
Applied set_property CLOCK_BUFFER_TYPE = NONE for ddr3_addr[11]. (constraint file  {c:/Users/ethan/Documents/GitHub/Ray-Tracing/FPGA HDL/work/vivado/WhittedV1/WhittedV1.srcs/sources_1/ip/mig_7series_0/mig_7series_0/mig_7series_0_in_context.xdc}, line 8).
Applied set_property IO_BUFFER_TYPE = NONE for ddr3_addr[12]. (constraint file  {c:/Users/ethan/Documents/GitHub/Ray-Tracing/FPGA HDL/work/vivado/WhittedV1/WhittedV1.srcs/sources_1/ip/mig_7series_0/mig_7series_0/mig_7series_0_in_context.xdc}, line 9).
Applied set_property CLOCK_BUFFER_TYPE = NONE for ddr3_addr[12]. (constraint file  {c:/Users/ethan/Documents/GitHub/Ray-Tracing/FPGA HDL/work/vivado/WhittedV1/WhittedV1.srcs/sources_1/ip/mig_7series_0/mig_7series_0/mig_7series_0_in_context.xdc}, line 10).
Applied set_property IO_BUFFER_TYPE = NONE for ddr3_addr[13]. (constraint file  {c:/Users/ethan/Documents/GitHub/Ray-Tracing/FPGA HDL/work/vivado/WhittedV1/WhittedV1.srcs/sources_1/ip/mig_7series_0/mig_7series_0/mig_7series_0_in_context.xdc}, line 11).
Applied set_property CLOCK_BUFFER_TYPE = NONE for ddr3_addr[13]. (constraint file  {c:/Users/ethan/Documents/GitHub/Ray-Tracing/FPGA HDL/work/vivado/WhittedV1/WhittedV1.srcs/sources_1/ip/mig_7series_0/mig_7series_0/mig_7series_0_in_context.xdc}, line 12).
Applied set_property IO_BUFFER_TYPE = NONE for ddr3_addr[1]. (constraint file  {c:/Users/ethan/Documents/GitHub/Ray-Tracing/FPGA HDL/work/vivado/WhittedV1/WhittedV1.srcs/sources_1/ip/mig_7series_0/mig_7series_0/mig_7series_0_in_context.xdc}, line 13).
Applied set_property CLOCK_BUFFER_TYPE = NONE for ddr3_addr[1]. (constraint file  {c:/Users/ethan/Documents/GitHub/Ray-Tracing/FPGA HDL/work/vivado/WhittedV1/WhittedV1.srcs/sources_1/ip/mig_7series_0/mig_7series_0/mig_7series_0_in_context.xdc}, line 14).
Applied set_property IO_BUFFER_TYPE = NONE for ddr3_addr[2]. (constraint file  {c:/Users/ethan/Documents/GitHub/Ray-Tracing/FPGA HDL/work/vivado/WhittedV1/WhittedV1.srcs/sources_1/ip/mig_7series_0/mig_7series_0/mig_7series_0_in_context.xdc}, line 15).
Applied set_property CLOCK_BUFFER_TYPE = NONE for ddr3_addr[2]. (constraint file  {c:/Users/ethan/Documents/GitHub/Ray-Tracing/FPGA HDL/work/vivado/WhittedV1/WhittedV1.srcs/sources_1/ip/mig_7series_0/mig_7series_0/mig_7series_0_in_context.xdc}, line 16).
Applied set_property IO_BUFFER_TYPE = NONE for ddr3_addr[3]. (constraint file  {c:/Users/ethan/Documents/GitHub/Ray-Tracing/FPGA HDL/work/vivado/WhittedV1/WhittedV1.srcs/sources_1/ip/mig_7series_0/mig_7series_0/mig_7series_0_in_context.xdc}, line 17).
Applied set_property CLOCK_BUFFER_TYPE = NONE for ddr3_addr[3]. (constraint file  {c:/Users/ethan/Documents/GitHub/Ray-Tracing/FPGA HDL/work/vivado/WhittedV1/WhittedV1.srcs/sources_1/ip/mig_7series_0/mig_7series_0/mig_7series_0_in_context.xdc}, line 18).
Applied set_property IO_BUFFER_TYPE = NONE for ddr3_addr[4]. (constraint file  {c:/Users/ethan/Documents/GitHub/Ray-Tracing/FPGA HDL/work/vivado/WhittedV1/WhittedV1.srcs/sources_1/ip/mig_7series_0/mig_7series_0/mig_7series_0_in_context.xdc}, line 19).
Applied set_property CLOCK_BUFFER_TYPE = NONE for ddr3_addr[4]. (constraint file  {c:/Users/ethan/Documents/GitHub/Ray-Tracing/FPGA HDL/work/vivado/WhittedV1/WhittedV1.srcs/sources_1/ip/mig_7series_0/mig_7series_0/mig_7series_0_in_context.xdc}, line 20).
Applied set_property IO_BUFFER_TYPE = NONE for ddr3_addr[5]. (constraint file  {c:/Users/ethan/Documents/GitHub/Ray-Tracing/FPGA HDL/work/vivado/WhittedV1/WhittedV1.srcs/sources_1/ip/mig_7series_0/mig_7series_0/mig_7series_0_in_context.xdc}, line 21).
Applied set_property CLOCK_BUFFER_TYPE = NONE for ddr3_addr[5]. (constraint file  {c:/Users/ethan/Documents/GitHub/Ray-Tracing/FPGA HDL/work/vivado/WhittedV1/WhittedV1.srcs/sources_1/ip/mig_7series_0/mig_7series_0/mig_7series_0_in_context.xdc}, line 22).
Applied set_property IO_BUFFER_TYPE = NONE for ddr3_addr[6]. (constraint file  {c:/Users/ethan/Documents/GitHub/Ray-Tracing/FPGA HDL/work/vivado/WhittedV1/WhittedV1.srcs/sources_1/ip/mig_7series_0/mig_7series_0/mig_7series_0_in_context.xdc}, line 23).
Applied set_property CLOCK_BUFFER_TYPE = NONE for ddr3_addr[6]. (constraint file  {c:/Users/ethan/Documents/GitHub/Ray-Tracing/FPGA HDL/work/vivado/WhittedV1/WhittedV1.srcs/sources_1/ip/mig_7series_0/mig_7series_0/mig_7series_0_in_context.xdc}, line 24).
Applied set_property IO_BUFFER_TYPE = NONE for ddr3_addr[7]. (constraint file  {c:/Users/ethan/Documents/GitHub/Ray-Tracing/FPGA HDL/work/vivado/WhittedV1/WhittedV1.srcs/sources_1/ip/mig_7series_0/mig_7series_0/mig_7series_0_in_context.xdc}, line 25).
Applied set_property CLOCK_BUFFER_TYPE = NONE for ddr3_addr[7]. (constraint file  {c:/Users/ethan/Documents/GitHub/Ray-Tracing/FPGA HDL/work/vivado/WhittedV1/WhittedV1.srcs/sources_1/ip/mig_7series_0/mig_7series_0/mig_7series_0_in_context.xdc}, line 26).
Applied set_property IO_BUFFER_TYPE = NONE for ddr3_addr[8]. (constraint file  {c:/Users/ethan/Documents/GitHub/Ray-Tracing/FPGA HDL/work/vivado/WhittedV1/WhittedV1.srcs/sources_1/ip/mig_7series_0/mig_7series_0/mig_7series_0_in_context.xdc}, line 27).
Applied set_property CLOCK_BUFFER_TYPE = NONE for ddr3_addr[8]. (constraint file  {c:/Users/ethan/Documents/GitHub/Ray-Tracing/FPGA HDL/work/vivado/WhittedV1/WhittedV1.srcs/sources_1/ip/mig_7series_0/mig_7series_0/mig_7series_0_in_context.xdc}, line 28).
Applied set_property IO_BUFFER_TYPE = NONE for ddr3_addr[9]. (constraint file  {c:/Users/ethan/Documents/GitHub/Ray-Tracing/FPGA HDL/work/vivado/WhittedV1/WhittedV1.srcs/sources_1/ip/mig_7series_0/mig_7series_0/mig_7series_0_in_context.xdc}, line 29).
Applied set_property CLOCK_BUFFER_TYPE = NONE for ddr3_addr[9]. (constraint file  {c:/Users/ethan/Documents/GitHub/Ray-Tracing/FPGA HDL/work/vivado/WhittedV1/WhittedV1.srcs/sources_1/ip/mig_7series_0/mig_7series_0/mig_7series_0_in_context.xdc}, line 30).
Applied set_property IO_BUFFER_TYPE = NONE for ddr3_ba[0]. (constraint file  {c:/Users/ethan/Documents/GitHub/Ray-Tracing/FPGA HDL/work/vivado/WhittedV1/WhittedV1.srcs/sources_1/ip/mig_7series_0/mig_7series_0/mig_7series_0_in_context.xdc}, line 31).
Applied set_property CLOCK_BUFFER_TYPE = NONE for ddr3_ba[0]. (constraint file  {c:/Users/ethan/Documents/GitHub/Ray-Tracing/FPGA HDL/work/vivado/WhittedV1/WhittedV1.srcs/sources_1/ip/mig_7series_0/mig_7series_0/mig_7series_0_in_context.xdc}, line 32).
Applied set_property IO_BUFFER_TYPE = NONE for ddr3_ba[1]. (constraint file  {c:/Users/ethan/Documents/GitHub/Ray-Tracing/FPGA HDL/work/vivado/WhittedV1/WhittedV1.srcs/sources_1/ip/mig_7series_0/mig_7series_0/mig_7series_0_in_context.xdc}, line 33).
Applied set_property CLOCK_BUFFER_TYPE = NONE for ddr3_ba[1]. (constraint file  {c:/Users/ethan/Documents/GitHub/Ray-Tracing/FPGA HDL/work/vivado/WhittedV1/WhittedV1.srcs/sources_1/ip/mig_7series_0/mig_7series_0/mig_7series_0_in_context.xdc}, line 34).
Applied set_property IO_BUFFER_TYPE = NONE for ddr3_ba[2]. (constraint file  {c:/Users/ethan/Documents/GitHub/Ray-Tracing/FPGA HDL/work/vivado/WhittedV1/WhittedV1.srcs/sources_1/ip/mig_7series_0/mig_7series_0/mig_7series_0_in_context.xdc}, line 35).
Applied set_property CLOCK_BUFFER_TYPE = NONE for ddr3_ba[2]. (constraint file  {c:/Users/ethan/Documents/GitHub/Ray-Tracing/FPGA HDL/work/vivado/WhittedV1/WhittedV1.srcs/sources_1/ip/mig_7series_0/mig_7series_0/mig_7series_0_in_context.xdc}, line 36).
Applied set_property IO_BUFFER_TYPE = NONE for ddr3_cas_n. (constraint file  {c:/Users/ethan/Documents/GitHub/Ray-Tracing/FPGA HDL/work/vivado/WhittedV1/WhittedV1.srcs/sources_1/ip/mig_7series_0/mig_7series_0/mig_7series_0_in_context.xdc}, line 37).
Applied set_property CLOCK_BUFFER_TYPE = NONE for ddr3_cas_n. (constraint file  {c:/Users/ethan/Documents/GitHub/Ray-Tracing/FPGA HDL/work/vivado/WhittedV1/WhittedV1.srcs/sources_1/ip/mig_7series_0/mig_7series_0/mig_7series_0_in_context.xdc}, line 38).
Applied set_property IO_BUFFER_TYPE = NONE for ddr3_ck_n. (constraint file  {c:/Users/ethan/Documents/GitHub/Ray-Tracing/FPGA HDL/work/vivado/WhittedV1/WhittedV1.srcs/sources_1/ip/mig_7series_0/mig_7series_0/mig_7series_0_in_context.xdc}, line 39).
Applied set_property CLOCK_BUFFER_TYPE = NONE for ddr3_ck_n. (constraint file  {c:/Users/ethan/Documents/GitHub/Ray-Tracing/FPGA HDL/work/vivado/WhittedV1/WhittedV1.srcs/sources_1/ip/mig_7series_0/mig_7series_0/mig_7series_0_in_context.xdc}, line 40).
Applied set_property IO_BUFFER_TYPE = NONE for ddr3_ck_p. (constraint file  {c:/Users/ethan/Documents/GitHub/Ray-Tracing/FPGA HDL/work/vivado/WhittedV1/WhittedV1.srcs/sources_1/ip/mig_7series_0/mig_7series_0/mig_7series_0_in_context.xdc}, line 41).
Applied set_property CLOCK_BUFFER_TYPE = NONE for ddr3_ck_p. (constraint file  {c:/Users/ethan/Documents/GitHub/Ray-Tracing/FPGA HDL/work/vivado/WhittedV1/WhittedV1.srcs/sources_1/ip/mig_7series_0/mig_7series_0/mig_7series_0_in_context.xdc}, line 42).
Applied set_property IO_BUFFER_TYPE = NONE for ddr3_cke. (constraint file  {c:/Users/ethan/Documents/GitHub/Ray-Tracing/FPGA HDL/work/vivado/WhittedV1/WhittedV1.srcs/sources_1/ip/mig_7series_0/mig_7series_0/mig_7series_0_in_context.xdc}, line 43).
Applied set_property CLOCK_BUFFER_TYPE = NONE for ddr3_cke. (constraint file  {c:/Users/ethan/Documents/GitHub/Ray-Tracing/FPGA HDL/work/vivado/WhittedV1/WhittedV1.srcs/sources_1/ip/mig_7series_0/mig_7series_0/mig_7series_0_in_context.xdc}, line 44).
Applied set_property IO_BUFFER_TYPE = NONE for ddr3_cs_n. (constraint file  {c:/Users/ethan/Documents/GitHub/Ray-Tracing/FPGA HDL/work/vivado/WhittedV1/WhittedV1.srcs/sources_1/ip/mig_7series_0/mig_7series_0/mig_7series_0_in_context.xdc}, line 45).
Applied set_property CLOCK_BUFFER_TYPE = NONE for ddr3_cs_n. (constraint file  {c:/Users/ethan/Documents/GitHub/Ray-Tracing/FPGA HDL/work/vivado/WhittedV1/WhittedV1.srcs/sources_1/ip/mig_7series_0/mig_7series_0/mig_7series_0_in_context.xdc}, line 46).
Applied set_property IO_BUFFER_TYPE = NONE for ddr3_dm[0]. (constraint file  {c:/Users/ethan/Documents/GitHub/Ray-Tracing/FPGA HDL/work/vivado/WhittedV1/WhittedV1.srcs/sources_1/ip/mig_7series_0/mig_7series_0/mig_7series_0_in_context.xdc}, line 47).
Applied set_property CLOCK_BUFFER_TYPE = NONE for ddr3_dm[0]. (constraint file  {c:/Users/ethan/Documents/GitHub/Ray-Tracing/FPGA HDL/work/vivado/WhittedV1/WhittedV1.srcs/sources_1/ip/mig_7series_0/mig_7series_0/mig_7series_0_in_context.xdc}, line 48).
Applied set_property IO_BUFFER_TYPE = NONE for ddr3_dm[1]. (constraint file  {c:/Users/ethan/Documents/GitHub/Ray-Tracing/FPGA HDL/work/vivado/WhittedV1/WhittedV1.srcs/sources_1/ip/mig_7series_0/mig_7series_0/mig_7series_0_in_context.xdc}, line 49).
Applied set_property CLOCK_BUFFER_TYPE = NONE for ddr3_dm[1]. (constraint file  {c:/Users/ethan/Documents/GitHub/Ray-Tracing/FPGA HDL/work/vivado/WhittedV1/WhittedV1.srcs/sources_1/ip/mig_7series_0/mig_7series_0/mig_7series_0_in_context.xdc}, line 50).
Applied set_property IO_BUFFER_TYPE = NONE for ddr3_dq[0]. (constraint file  {c:/Users/ethan/Documents/GitHub/Ray-Tracing/FPGA HDL/work/vivado/WhittedV1/WhittedV1.srcs/sources_1/ip/mig_7series_0/mig_7series_0/mig_7series_0_in_context.xdc}, line 51).
Applied set_property CLOCK_BUFFER_TYPE = NONE for ddr3_dq[0]. (constraint file  {c:/Users/ethan/Documents/GitHub/Ray-Tracing/FPGA HDL/work/vivado/WhittedV1/WhittedV1.srcs/sources_1/ip/mig_7series_0/mig_7series_0/mig_7series_0_in_context.xdc}, line 52).
Applied set_property IO_BUFFER_TYPE = NONE for ddr3_dq[10]. (constraint file  {c:/Users/ethan/Documents/GitHub/Ray-Tracing/FPGA HDL/work/vivado/WhittedV1/WhittedV1.srcs/sources_1/ip/mig_7series_0/mig_7series_0/mig_7series_0_in_context.xdc}, line 53).
Applied set_property CLOCK_BUFFER_TYPE = NONE for ddr3_dq[10]. (constraint file  {c:/Users/ethan/Documents/GitHub/Ray-Tracing/FPGA HDL/work/vivado/WhittedV1/WhittedV1.srcs/sources_1/ip/mig_7series_0/mig_7series_0/mig_7series_0_in_context.xdc}, line 54).
Applied set_property IO_BUFFER_TYPE = NONE for ddr3_dq[11]. (constraint file  {c:/Users/ethan/Documents/GitHub/Ray-Tracing/FPGA HDL/work/vivado/WhittedV1/WhittedV1.srcs/sources_1/ip/mig_7series_0/mig_7series_0/mig_7series_0_in_context.xdc}, line 55).
Applied set_property CLOCK_BUFFER_TYPE = NONE for ddr3_dq[11]. (constraint file  {c:/Users/ethan/Documents/GitHub/Ray-Tracing/FPGA HDL/work/vivado/WhittedV1/WhittedV1.srcs/sources_1/ip/mig_7series_0/mig_7series_0/mig_7series_0_in_context.xdc}, line 56).
Applied set_property IO_BUFFER_TYPE = NONE for ddr3_dq[12]. (constraint file  {c:/Users/ethan/Documents/GitHub/Ray-Tracing/FPGA HDL/work/vivado/WhittedV1/WhittedV1.srcs/sources_1/ip/mig_7series_0/mig_7series_0/mig_7series_0_in_context.xdc}, line 57).
Applied set_property CLOCK_BUFFER_TYPE = NONE for ddr3_dq[12]. (constraint file  {c:/Users/ethan/Documents/GitHub/Ray-Tracing/FPGA HDL/work/vivado/WhittedV1/WhittedV1.srcs/sources_1/ip/mig_7series_0/mig_7series_0/mig_7series_0_in_context.xdc}, line 58).
Applied set_property IO_BUFFER_TYPE = NONE for ddr3_dq[13]. (constraint file  {c:/Users/ethan/Documents/GitHub/Ray-Tracing/FPGA HDL/work/vivado/WhittedV1/WhittedV1.srcs/sources_1/ip/mig_7series_0/mig_7series_0/mig_7series_0_in_context.xdc}, line 59).
Applied set_property CLOCK_BUFFER_TYPE = NONE for ddr3_dq[13]. (constraint file  {c:/Users/ethan/Documents/GitHub/Ray-Tracing/FPGA HDL/work/vivado/WhittedV1/WhittedV1.srcs/sources_1/ip/mig_7series_0/mig_7series_0/mig_7series_0_in_context.xdc}, line 60).
Applied set_property IO_BUFFER_TYPE = NONE for ddr3_dq[14]. (constraint file  {c:/Users/ethan/Documents/GitHub/Ray-Tracing/FPGA HDL/work/vivado/WhittedV1/WhittedV1.srcs/sources_1/ip/mig_7series_0/mig_7series_0/mig_7series_0_in_context.xdc}, line 61).
Applied set_property CLOCK_BUFFER_TYPE = NONE for ddr3_dq[14]. (constraint file  {c:/Users/ethan/Documents/GitHub/Ray-Tracing/FPGA HDL/work/vivado/WhittedV1/WhittedV1.srcs/sources_1/ip/mig_7series_0/mig_7series_0/mig_7series_0_in_context.xdc}, line 62).
Applied set_property IO_BUFFER_TYPE = NONE for ddr3_dq[15]. (constraint file  {c:/Users/ethan/Documents/GitHub/Ray-Tracing/FPGA HDL/work/vivado/WhittedV1/WhittedV1.srcs/sources_1/ip/mig_7series_0/mig_7series_0/mig_7series_0_in_context.xdc}, line 63).
Applied set_property CLOCK_BUFFER_TYPE = NONE for ddr3_dq[15]. (constraint file  {c:/Users/ethan/Documents/GitHub/Ray-Tracing/FPGA HDL/work/vivado/WhittedV1/WhittedV1.srcs/sources_1/ip/mig_7series_0/mig_7series_0/mig_7series_0_in_context.xdc}, line 64).
Applied set_property IO_BUFFER_TYPE = NONE for ddr3_dq[1]. (constraint file  {c:/Users/ethan/Documents/GitHub/Ray-Tracing/FPGA HDL/work/vivado/WhittedV1/WhittedV1.srcs/sources_1/ip/mig_7series_0/mig_7series_0/mig_7series_0_in_context.xdc}, line 65).
Applied set_property CLOCK_BUFFER_TYPE = NONE for ddr3_dq[1]. (constraint file  {c:/Users/ethan/Documents/GitHub/Ray-Tracing/FPGA HDL/work/vivado/WhittedV1/WhittedV1.srcs/sources_1/ip/mig_7series_0/mig_7series_0/mig_7series_0_in_context.xdc}, line 66).
Applied set_property IO_BUFFER_TYPE = NONE for ddr3_dq[2]. (constraint file  {c:/Users/ethan/Documents/GitHub/Ray-Tracing/FPGA HDL/work/vivado/WhittedV1/WhittedV1.srcs/sources_1/ip/mig_7series_0/mig_7series_0/mig_7series_0_in_context.xdc}, line 67).
Applied set_property CLOCK_BUFFER_TYPE = NONE for ddr3_dq[2]. (constraint file  {c:/Users/ethan/Documents/GitHub/Ray-Tracing/FPGA HDL/work/vivado/WhittedV1/WhittedV1.srcs/sources_1/ip/mig_7series_0/mig_7series_0/mig_7series_0_in_context.xdc}, line 68).
Applied set_property IO_BUFFER_TYPE = NONE for ddr3_dq[3]. (constraint file  {c:/Users/ethan/Documents/GitHub/Ray-Tracing/FPGA HDL/work/vivado/WhittedV1/WhittedV1.srcs/sources_1/ip/mig_7series_0/mig_7series_0/mig_7series_0_in_context.xdc}, line 69).
Applied set_property CLOCK_BUFFER_TYPE = NONE for ddr3_dq[3]. (constraint file  {c:/Users/ethan/Documents/GitHub/Ray-Tracing/FPGA HDL/work/vivado/WhittedV1/WhittedV1.srcs/sources_1/ip/mig_7series_0/mig_7series_0/mig_7series_0_in_context.xdc}, line 70).
Applied set_property IO_BUFFER_TYPE = NONE for ddr3_dq[4]. (constraint file  {c:/Users/ethan/Documents/GitHub/Ray-Tracing/FPGA HDL/work/vivado/WhittedV1/WhittedV1.srcs/sources_1/ip/mig_7series_0/mig_7series_0/mig_7series_0_in_context.xdc}, line 71).
Applied set_property CLOCK_BUFFER_TYPE = NONE for ddr3_dq[4]. (constraint file  {c:/Users/ethan/Documents/GitHub/Ray-Tracing/FPGA HDL/work/vivado/WhittedV1/WhittedV1.srcs/sources_1/ip/mig_7series_0/mig_7series_0/mig_7series_0_in_context.xdc}, line 72).
Applied set_property IO_BUFFER_TYPE = NONE for ddr3_dq[5]. (constraint file  {c:/Users/ethan/Documents/GitHub/Ray-Tracing/FPGA HDL/work/vivado/WhittedV1/WhittedV1.srcs/sources_1/ip/mig_7series_0/mig_7series_0/mig_7series_0_in_context.xdc}, line 73).
Applied set_property CLOCK_BUFFER_TYPE = NONE for ddr3_dq[5]. (constraint file  {c:/Users/ethan/Documents/GitHub/Ray-Tracing/FPGA HDL/work/vivado/WhittedV1/WhittedV1.srcs/sources_1/ip/mig_7series_0/mig_7series_0/mig_7series_0_in_context.xdc}, line 74).
Applied set_property IO_BUFFER_TYPE = NONE for ddr3_dq[6]. (constraint file  {c:/Users/ethan/Documents/GitHub/Ray-Tracing/FPGA HDL/work/vivado/WhittedV1/WhittedV1.srcs/sources_1/ip/mig_7series_0/mig_7series_0/mig_7series_0_in_context.xdc}, line 75).
Applied set_property CLOCK_BUFFER_TYPE = NONE for ddr3_dq[6]. (constraint file  {c:/Users/ethan/Documents/GitHub/Ray-Tracing/FPGA HDL/work/vivado/WhittedV1/WhittedV1.srcs/sources_1/ip/mig_7series_0/mig_7series_0/mig_7series_0_in_context.xdc}, line 76).
Applied set_property IO_BUFFER_TYPE = NONE for ddr3_dq[7]. (constraint file  {c:/Users/ethan/Documents/GitHub/Ray-Tracing/FPGA HDL/work/vivado/WhittedV1/WhittedV1.srcs/sources_1/ip/mig_7series_0/mig_7series_0/mig_7series_0_in_context.xdc}, line 77).
Applied set_property CLOCK_BUFFER_TYPE = NONE for ddr3_dq[7]. (constraint file  {c:/Users/ethan/Documents/GitHub/Ray-Tracing/FPGA HDL/work/vivado/WhittedV1/WhittedV1.srcs/sources_1/ip/mig_7series_0/mig_7series_0/mig_7series_0_in_context.xdc}, line 78).
Applied set_property IO_BUFFER_TYPE = NONE for ddr3_dq[8]. (constraint file  {c:/Users/ethan/Documents/GitHub/Ray-Tracing/FPGA HDL/work/vivado/WhittedV1/WhittedV1.srcs/sources_1/ip/mig_7series_0/mig_7series_0/mig_7series_0_in_context.xdc}, line 79).
Applied set_property CLOCK_BUFFER_TYPE = NONE for ddr3_dq[8]. (constraint file  {c:/Users/ethan/Documents/GitHub/Ray-Tracing/FPGA HDL/work/vivado/WhittedV1/WhittedV1.srcs/sources_1/ip/mig_7series_0/mig_7series_0/mig_7series_0_in_context.xdc}, line 80).
Applied set_property IO_BUFFER_TYPE = NONE for ddr3_dq[9]. (constraint file  {c:/Users/ethan/Documents/GitHub/Ray-Tracing/FPGA HDL/work/vivado/WhittedV1/WhittedV1.srcs/sources_1/ip/mig_7series_0/mig_7series_0/mig_7series_0_in_context.xdc}, line 81).
Applied set_property CLOCK_BUFFER_TYPE = NONE for ddr3_dq[9]. (constraint file  {c:/Users/ethan/Documents/GitHub/Ray-Tracing/FPGA HDL/work/vivado/WhittedV1/WhittedV1.srcs/sources_1/ip/mig_7series_0/mig_7series_0/mig_7series_0_in_context.xdc}, line 82).
Applied set_property IO_BUFFER_TYPE = NONE for ddr3_dqs_n[0]. (constraint file  {c:/Users/ethan/Documents/GitHub/Ray-Tracing/FPGA HDL/work/vivado/WhittedV1/WhittedV1.srcs/sources_1/ip/mig_7series_0/mig_7series_0/mig_7series_0_in_context.xdc}, line 83).
Applied set_property CLOCK_BUFFER_TYPE = NONE for ddr3_dqs_n[0]. (constraint file  {c:/Users/ethan/Documents/GitHub/Ray-Tracing/FPGA HDL/work/vivado/WhittedV1/WhittedV1.srcs/sources_1/ip/mig_7series_0/mig_7series_0/mig_7series_0_in_context.xdc}, line 84).
Applied set_property IO_BUFFER_TYPE = NONE for ddr3_dqs_n[1]. (constraint file  {c:/Users/ethan/Documents/GitHub/Ray-Tracing/FPGA HDL/work/vivado/WhittedV1/WhittedV1.srcs/sources_1/ip/mig_7series_0/mig_7series_0/mig_7series_0_in_context.xdc}, line 85).
Applied set_property CLOCK_BUFFER_TYPE = NONE for ddr3_dqs_n[1]. (constraint file  {c:/Users/ethan/Documents/GitHub/Ray-Tracing/FPGA HDL/work/vivado/WhittedV1/WhittedV1.srcs/sources_1/ip/mig_7series_0/mig_7series_0/mig_7series_0_in_context.xdc}, line 86).
Applied set_property IO_BUFFER_TYPE = NONE for ddr3_dqs_p[0]. (constraint file  {c:/Users/ethan/Documents/GitHub/Ray-Tracing/FPGA HDL/work/vivado/WhittedV1/WhittedV1.srcs/sources_1/ip/mig_7series_0/mig_7series_0/mig_7series_0_in_context.xdc}, line 87).
Applied set_property CLOCK_BUFFER_TYPE = NONE for ddr3_dqs_p[0]. (constraint file  {c:/Users/ethan/Documents/GitHub/Ray-Tracing/FPGA HDL/work/vivado/WhittedV1/WhittedV1.srcs/sources_1/ip/mig_7series_0/mig_7series_0/mig_7series_0_in_context.xdc}, line 88).
Applied set_property IO_BUFFER_TYPE = NONE for ddr3_dqs_p[1]. (constraint file  {c:/Users/ethan/Documents/GitHub/Ray-Tracing/FPGA HDL/work/vivado/WhittedV1/WhittedV1.srcs/sources_1/ip/mig_7series_0/mig_7series_0/mig_7series_0_in_context.xdc}, line 89).
Applied set_property CLOCK_BUFFER_TYPE = NONE for ddr3_dqs_p[1]. (constraint file  {c:/Users/ethan/Documents/GitHub/Ray-Tracing/FPGA HDL/work/vivado/WhittedV1/WhittedV1.srcs/sources_1/ip/mig_7series_0/mig_7series_0/mig_7series_0_in_context.xdc}, line 90).
Applied set_property IO_BUFFER_TYPE = NONE for ddr3_odt. (constraint file  {c:/Users/ethan/Documents/GitHub/Ray-Tracing/FPGA HDL/work/vivado/WhittedV1/WhittedV1.srcs/sources_1/ip/mig_7series_0/mig_7series_0/mig_7series_0_in_context.xdc}, line 91).
Applied set_property CLOCK_BUFFER_TYPE = NONE for ddr3_odt. (constraint file  {c:/Users/ethan/Documents/GitHub/Ray-Tracing/FPGA HDL/work/vivado/WhittedV1/WhittedV1.srcs/sources_1/ip/mig_7series_0/mig_7series_0/mig_7series_0_in_context.xdc}, line 92).
Applied set_property IO_BUFFER_TYPE = NONE for ddr3_ras_n. (constraint file  {c:/Users/ethan/Documents/GitHub/Ray-Tracing/FPGA HDL/work/vivado/WhittedV1/WhittedV1.srcs/sources_1/ip/mig_7series_0/mig_7series_0/mig_7series_0_in_context.xdc}, line 93).
Applied set_property CLOCK_BUFFER_TYPE = NONE for ddr3_ras_n. (constraint file  {c:/Users/ethan/Documents/GitHub/Ray-Tracing/FPGA HDL/work/vivado/WhittedV1/WhittedV1.srcs/sources_1/ip/mig_7series_0/mig_7series_0/mig_7series_0_in_context.xdc}, line 94).
Applied set_property IO_BUFFER_TYPE = NONE for ddr3_reset_n. (constraint file  {c:/Users/ethan/Documents/GitHub/Ray-Tracing/FPGA HDL/work/vivado/WhittedV1/WhittedV1.srcs/sources_1/ip/mig_7series_0/mig_7series_0/mig_7series_0_in_context.xdc}, line 95).
Applied set_property CLOCK_BUFFER_TYPE = NONE for ddr3_reset_n. (constraint file  {c:/Users/ethan/Documents/GitHub/Ray-Tracing/FPGA HDL/work/vivado/WhittedV1/WhittedV1.srcs/sources_1/ip/mig_7series_0/mig_7series_0/mig_7series_0_in_context.xdc}, line 96).
Applied set_property IO_BUFFER_TYPE = NONE for ddr3_we_n. (constraint file  {c:/Users/ethan/Documents/GitHub/Ray-Tracing/FPGA HDL/work/vivado/WhittedV1/WhittedV1.srcs/sources_1/ip/mig_7series_0/mig_7series_0/mig_7series_0_in_context.xdc}, line 97).
Applied set_property CLOCK_BUFFER_TYPE = NONE for ddr3_we_n. (constraint file  {c:/Users/ethan/Documents/GitHub/Ray-Tracing/FPGA HDL/work/vivado/WhittedV1/WhittedV1.srcs/sources_1/ip/mig_7series_0/mig_7series_0/mig_7series_0_in_context.xdc}, line 98).
Applied set_property IO_BUFFER_TYPE = NONE for clk. (constraint file  {c:/Users/ethan/Documents/GitHub/Ray-Tracing/FPGA HDL/work/vivado/WhittedV1/WhittedV1.srcs/sources_1/ip/clk_wiz_0/clk_wiz_0/clk_wiz_0_in_context.xdc}, line 7).
Applied set_property CLOCK_BUFFER_TYPE = NONE for clk. (constraint file  {c:/Users/ethan/Documents/GitHub/Ray-Tracing/FPGA HDL/work/vivado/WhittedV1/WhittedV1.srcs/sources_1/ip/clk_wiz_0/clk_wiz_0/clk_wiz_0_in_context.xdc}, line 8).
Applied set_property DONT_TOUCH = true for ram/mig. (constraint file  auto generated constraint, line ).
Applied set_property DONT_TOUCH = true for ram/clk_wiz. (constraint file  auto generated constraint, line ).
---------------------------------------------------------------------------------
Finished applying 'set_property' XDC Constraints : Time (s): cpu = 00:00:15 ; elapsed = 00:00:18 . Memory (MB): peak = 1230.203 ; gain = 149.227
---------------------------------------------------------------------------------
INFO: [Synth 8-802] inferred FSM for state register 'state_reg' in module 'MemController'
---------------------------------------------------------------------------------------------------
                   State |                     New Encoding |                Previous Encoding 
---------------------------------------------------------------------------------------------------
              WRITE_DATA |                              000 |                              000
               WRITE_CMD |                              001 |                              001
                READ_CMD |                              010 |                              010
               WAIT_READ |                              011 |                              100
                   DELAY |                              100 |                              101
---------------------------------------------------------------------------------------------------
INFO: [Synth 8-3354] encoded FSM with state register 'state_reg' using encoding 'sequential' in module 'MemController'
---------------------------------------------------------------------------------
Finished RTL Optimization Phase 2 : Time (s): cpu = 00:00:15 ; elapsed = 00:00:19 . Memory (MB): peak = 1230.203 ; gain = 149.227
---------------------------------------------------------------------------------
---------------------------------------------------------------------------------
Start RTL Component Statistics 
---------------------------------------------------------------------------------
Detailed RTL Component Info : 
+---Registers : 
	              128 Bit    Registers := 1     
	               28 Bit    Registers := 1     
	               16 Bit    Registers := 1     
	                8 Bit    Registers := 1     
	                3 Bit    Registers := 1     
	                1 Bit    Registers := 2     
+---Muxes : 
	   5 Input    3 Bit        Muxes := 2     
	   2 Input    1 Bit        Muxes := 2     
	   5 Input    1 Bit        Muxes := 5     
---------------------------------------------------------------------------------
Finished RTL Component Statistics 
---------------------------------------------------------------------------------
---------------------------------------------------------------------------------
Start Part Resource Summary
---------------------------------------------------------------------------------
Part Resources:
DSPs: 90 (col length:60)
BRAMs: 100 (col length: RAMB18 60 RAMB36 30)
---------------------------------------------------------------------------------
Finished Part Resource Summary
---------------------------------------------------------------------------------
---------------------------------------------------------------------------------
Start Cross Boundary and Area Optimization
---------------------------------------------------------------------------------
---------------------------------------------------------------------------------
Finished Cross Boundary and Area Optimization : Time (s): cpu = 00:00:17 ; elapsed = 00:00:21 . Memory (MB): peak = 1230.203 ; gain = 149.227
---------------------------------------------------------------------------------
---------------------------------------------------------------------------------
Start Applying XDC Timing Constraints
---------------------------------------------------------------------------------
WARNING: [Synth 8-565] redefining clock 'clk'
---------------------------------------------------------------------------------
Finished Applying XDC Timing Constraints : Time (s): cpu = 00:00:25 ; elapsed = 00:00:31 . Memory (MB): peak = 1230.203 ; gain = 149.227
---------------------------------------------------------------------------------
---------------------------------------------------------------------------------
Start Timing Optimization
---------------------------------------------------------------------------------
---------------------------------------------------------------------------------
Finished Timing Optimization : Time (s): cpu = 00:00:25 ; elapsed = 00:00:31 . Memory (MB): peak = 1230.203 ; gain = 149.227
---------------------------------------------------------------------------------
---------------------------------------------------------------------------------
Start Technology Mapping
---------------------------------------------------------------------------------
---------------------------------------------------------------------------------
Finished Technology Mapping : Time (s): cpu = 00:00:25 ; elapsed = 00:00:31 . Memory (MB): peak = 1231.414 ; gain = 150.438
---------------------------------------------------------------------------------
---------------------------------------------------------------------------------
Start IO Insertion
---------------------------------------------------------------------------------
---------------------------------------------------------------------------------
Start Flattening Before IO Insertion
---------------------------------------------------------------------------------
---------------------------------------------------------------------------------
Finished Flattening Before IO Insertion
---------------------------------------------------------------------------------
---------------------------------------------------------------------------------
Start Final Netlist Cleanup
---------------------------------------------------------------------------------
---------------------------------------------------------------------------------
Finished Final Netlist Cleanup
---------------------------------------------------------------------------------
---------------------------------------------------------------------------------
Finished IO Insertion : Time (s): cpu = 00:00:30 ; elapsed = 00:00:37 . Memory (MB): peak = 1231.414 ; gain = 150.438
---------------------------------------------------------------------------------
---------------------------------------------------------------------------------
Start Renaming Generated Instances
---------------------------------------------------------------------------------
---------------------------------------------------------------------------------
Finished Renaming Generated Instances : Time (s): cpu = 00:00:30 ; elapsed = 00:00:37 . Memory (MB): peak = 1231.414 ; gain = 150.438
---------------------------------------------------------------------------------
---------------------------------------------------------------------------------
Start Rebuilding User Hierarchy
---------------------------------------------------------------------------------
---------------------------------------------------------------------------------
Finished Rebuilding User Hierarchy : Time (s): cpu = 00:00:30 ; elapsed = 00:00:37 . Memory (MB): peak = 1231.414 ; gain = 150.438
---------------------------------------------------------------------------------
---------------------------------------------------------------------------------
Start Renaming Generated Ports
---------------------------------------------------------------------------------
---------------------------------------------------------------------------------
Finished Renaming Generated Ports : Time (s): cpu = 00:00:30 ; elapsed = 00:00:37 . Memory (MB): peak = 1231.414 ; gain = 150.438
---------------------------------------------------------------------------------
---------------------------------------------------------------------------------
Start Handling Custom Attributes
---------------------------------------------------------------------------------
---------------------------------------------------------------------------------
Finished Handling Custom Attributes : Time (s): cpu = 00:00:30 ; elapsed = 00:00:37 . Memory (MB): peak = 1231.414 ; gain = 150.438
---------------------------------------------------------------------------------
---------------------------------------------------------------------------------
Start Renaming Generated Nets
---------------------------------------------------------------------------------
---------------------------------------------------------------------------------
Finished Renaming Generated Nets : Time (s): cpu = 00:00:30 ; elapsed = 00:00:37 . Memory (MB): peak = 1231.414 ; gain = 150.438
---------------------------------------------------------------------------------
---------------------------------------------------------------------------------
Start Writing Synthesis Report
---------------------------------------------------------------------------------

Report BlackBoxes: 
+------+--------------+----------+
|      |BlackBox name |Instances |
+------+--------------+----------+
|1     |clk_wiz_0     |         1|
|2     |mig_7series_0 |         1|
+------+--------------+----------+

Report Cell Usage: 
+------+------------+------+
|      |Cell        |Count |
+------+------------+------+
|1     |clk_wiz     |     1|
|2     |mig_7series |     1|
|3     |LUT1        |     2|
|4     |LUT4        |     5|
|5     |LUT5        |     1|
|6     |LUT6        |     1|
|7     |FDRE        |     7|
|8     |IBUF        |     2|
|9     |OBUF        |     9|
+------+------------+------+
---------------------------------------------------------------------------------
Finished Writing Synthesis Report : Time (s): cpu = 00:00:30 ; elapsed = 00:00:37 . Memory (MB): peak = 1231.414 ; gain = 150.438
---------------------------------------------------------------------------------
Synthesis finished with 0 errors, 0 critical warnings and 1 warnings.
Synthesis Optimization Runtime : Time (s): cpu = 00:00:20 ; elapsed = 00:00:33 . Memory (MB): peak = 1231.414 ; gain = 25.430
Synthesis Optimization Complete : Time (s): cpu = 00:00:30 ; elapsed = 00:00:37 . Memory (MB): peak = 1231.414 ; gain = 150.438
INFO: [Project 1-571] Translating synthesized netlist
Netlist sorting complete. Time (s): cpu = 00:00:00 ; elapsed = 00:00:00.004 . Memory (MB): peak = 1238.129 ; gain = 0.000
INFO: [Project 1-570] Preparing netlist for logic optimization
INFO: [Opt 31-138] Pushed 0 inverter(s) to 0 load pin(s).
Netlist sorting complete. Time (s): cpu = 00:00:00 ; elapsed = 00:00:00 . Memory (MB): peak = 1246.691 ; gain = 0.000
INFO: [Project 1-111] Unisim Transformation Summary:
No Unisim elements were transformed.

INFO: [Common 17-83] Releasing license: Synthesis
23 Infos, 15 Warnings, 0 Critical Warnings and 0 Errors encountered.
synth_design completed successfully
synth_design: Time (s): cpu = 00:00:36 ; elapsed = 00:00:48 . Memory (MB): peak = 1246.691 ; gain = 165.715
INFO: [Common 17-1381] The checkpoint 'C:/Users/ethan/Documents/GitHub/Ray-Tracing/FPGA HDL/work/vivado/WhittedV1/WhittedV1.runs/synth_1/Top.dcp' has been generated.
INFO: [runtcl-4] Executing : report_utilization -file Top_utilization_synth.rpt -pb Top_utilization_synth.pb
INFO: [Common 17-206] Exiting Vivado at Sun Oct  4 22:40:01 2020...
