INFO: [VRFC 10-2263] Analyzing Verilog file "C:/Users/ethan/Documents/GitHub/Ray-Tracing/FPGA-HDL/work/vivado/WhittedV1/WhittedV1.srcs/sources_1/ip/fifo_generator_0/fifo_generator_0_sim_netlist.v" into library xil_defaultlib
INFO: [VRFC 10-311] analyzing module fifo_generator_0
INFO: [VRFC 10-311] analyzing module fifo_generator_0_builtin_extdepth_v6
INFO: [VRFC 10-311] analyzing module fifo_generator_0_builtin_extdepth_v6_0
INFO: [VRFC 10-311] analyzing module fifo_generator_0_builtin_prim_v6
INFO: [VRFC 10-311] analyzing module fifo_generator_0_builtin_prim_v6_1
INFO: [VRFC 10-311] analyzing module fifo_generator_0_builtin_top_v6
INFO: [VRFC 10-311] analyzing module fifo_generator_0_fifo_generator_top
INFO: [VRFC 10-311] analyzing module fifo_generator_0_fifo_generator_v13_2_5
INFO: [VRFC 10-311] analyzing module fifo_generator_0_fifo_generator_v13_2_5_builtin
INFO: [VRFC 10-311] analyzing module fifo_generator_0_fifo_generator_v13_2_5_synth
INFO: [VRFC 10-311] analyzing module fifo_generator_0_reset_builtin
INFO: [VRFC 10-311] analyzing module glbl
INFO: [VRFC 10-2263] Analyzing Verilog file "C:/Users/ethan/Documents/GitHub/Ray-Tracing/FPGA-HDL/work/vivado/WhittedV1/WhittedV1.srcs/sources_1/ip/clk_wiz_0/clk_wiz_0_sim_netlist.v" into library xil_defaultlib
INFO: [VRFC 10-311] analyzing module clk_wiz_0
INFO: [VRFC 10-311] analyzing module clk_wiz_0_clk_wiz_0_clk_wiz
INFO: [VRFC 10-2263] Analyzing Verilog file "C:/Users/ethan/Documents/GitHub/Ray-Tracing/FPGA-HDL/work/vivado/WhittedV1/WhittedV1.srcs/sources_1/ip/fifo_generator_1/fifo_generator_1_sim_netlist.v" into library xil_defaultlib
INFO: [VRFC 10-311] analyzing module fifo_generator_1
INFO: [VRFC 10-311] analyzing module fifo_generator_1_builtin_extdepth_v6
INFO: [VRFC 10-311] analyzing module fifo_generator_1_builtin_prim_v6
INFO: [VRFC 10-311] analyzing module fifo_generator_1_builtin_top_v6
INFO: [VRFC 10-311] analyzing module fifo_generator_1_fifo_generator_top
INFO: [VRFC 10-311] analyzing module fifo_generator_1_fifo_generator_v13_2_5
INFO: [VRFC 10-311] analyzing module fifo_generator_1_fifo_generator_v13_2_5_builtin
INFO: [VRFC 10-311] analyzing module fifo_generator_1_fifo_generator_v13_2_5_synth
INFO: [VRFC 10-311] analyzing module fifo_generator_1_reset_builtin
ERROR: [VRFC 10-8336] cannot open Verilog file 'c:/Users/ethan/AppData/Roaming/Xilinx/Vivado/.Xil/Vivado-18336-Tony-Maloney/coregen/mig_7series_0/mig_7series_0/user_design/rtl/clocking/mig_7series_v4_2_clk_ibuf.v'
