INFO: [VRFC 10-2263] Analyzing Verilog file "C:/Users/ethan/Documents/GitHub/Ray-Tracing/FPGA-HDL/work/vivado/WhittedV1/WhittedV1.srcs/sources_1/ip/fifo_generator_0/fifo_generator_0_sim_netlist.v" into library xil_defaultlib
INFO: [VRFC 10-311] analyzing module fifo_generator_0
INFO: [VRFC 10-311] analyzing module fifo_generator_0_builtin_extdepth_v6
INFO: [VRFC 10-311] analyzing module fifo_generator_0_builtin_extdepth_v6_0
INFO: [VRFC 10-311] analyzing module fifo_generator_0_builtin_prim_v6
INFO: [VRFC 10-311] analyzing module fifo_generator_0_builtin_prim_v6_1
INFO: [VRFC 10-311] analyzing module fifo_generator_0_builtin_top_v6
INFO: [VRFC 10-311] analyzing module fifo_generator_0_fifo_generator_top
INFO: [VRFC 10-311] analyzing module fifo_generator_0_fifo_generator_v13_2_5
INFO: [VRFC 10-311] analyzing module fifo_generator_0_fifo_generator_v13_2_5_builtin
INFO: [VRFC 10-311] analyzing module fifo_generator_0_fifo_generator_v13_2_5_synth
INFO: [VRFC 10-311] analyzing module fifo_generator_0_reset_builtin
INFO: [VRFC 10-311] analyzing module glbl
INFO: [VRFC 10-2263] Analyzing Verilog file "C:/Users/ethan/Documents/GitHub/Ray-Tracing/FPGA-HDL/work/vivado/WhittedV1/WhittedV1.srcs/sources_1/ip/fifo_generator_1/fifo_generator_1_sim_netlist.v" into library xil_defaultlib
INFO: [VRFC 10-311] analyzing module fifo_generator_1
INFO: [VRFC 10-311] analyzing module fifo_generator_1_builtin_extdepth_v6
INFO: [VRFC 10-311] analyzing module fifo_generator_1_builtin_prim_v6
INFO: [VRFC 10-311] analyzing module fifo_generator_1_builtin_top_v6
INFO: [VRFC 10-311] analyzing module fifo_generator_1_fifo_generator_top
INFO: [VRFC 10-311] analyzing module fifo_generator_1_fifo_generator_v13_2_5
INFO: [VRFC 10-311] analyzing module fifo_generator_1_fifo_generator_v13_2_5_builtin
INFO: [VRFC 10-311] analyzing module fifo_generator_1_fifo_generator_v13_2_5_synth
INFO: [VRFC 10-311] analyzing module fifo_generator_1_reset_builtin
INFO: [VRFC 10-2263] Analyzing Verilog file "C:/Users/ethan/Documents/GitHub/Ray-Tracing/FPGA-HDL/work/vivado/WhittedV1/WhittedV1.srcs/sources_1/ip/mig_7series_0/mig_7series_0/user_design/rtl/clocking/mig_7series_v4_2_clk_ibuf.v" into library xil_defaultlib
INFO: [VRFC 10-311] analyzing module mig_7series_v4_2_clk_ibuf
INFO: [VRFC 10-2263] Analyzing Verilog file "C:/Users/ethan/Documents/GitHub/Ray-Tracing/FPGA-HDL/work/vivado/WhittedV1/WhittedV1.srcs/sources_1/ip/mig_7series_0/mig_7series_0/user_design/rtl/clocking/mig_7series_v4_2_infrastructure.v" into library xil_defaultlib
INFO: [VRFC 10-311] analyzing module mig_7series_v4_2_infrastructure
INFO: [VRFC 10-2263] Analyzing Verilog file "C:/Users/ethan/Documents/GitHub/Ray-Tracing/FPGA-HDL/work/vivado/WhittedV1/WhittedV1.srcs/sources_1/ip/mig_7series_0/mig_7series_0/user_design/rtl/clocking/mig_7series_v4_2_iodelay_ctrl.v" into library xil_defaultlib
INFO: [VRFC 10-311] analyzing module mig_7series_v4_2_iodelay_ctrl
INFO: [VRFC 10-2263] Analyzing Verilog file "C:/Users/ethan/Documents/GitHub/Ray-Tracing/FPGA-HDL/work/vivado/WhittedV1/WhittedV1.srcs/sources_1/ip/mig_7series_0/mig_7series_0/user_design/rtl/clocking/mig_7series_v4_2_tempmon.v" into library xil_defaultlib
INFO: [VRFC 10-311] analyzing module mig_7series_v4_2_tempmon
INFO: [VRFC 10-2263] Analyzing Verilog file "C:/Users/ethan/Documents/GitHub/Ray-Tracing/FPGA-HDL/work/vivado/WhittedV1/WhittedV1.srcs/sources_1/ip/mig_7series_0/mig_7series_0/user_design/rtl/controller/mig_7series_v4_2_arb_mux.v" into library xil_defaultlib
INFO: [VRFC 10-311] analyzing module mig_7series_v4_2_arb_mux
INFO: [VRFC 10-2263] Analyzing Verilog file "C:/Users/ethan/Documents/GitHub/Ray-Tracing/FPGA-HDL/work/vivado/WhittedV1/WhittedV1.srcs/sources_1/ip/mig_7series_0/mig_7series_0/user_design/rtl/controller/mig_7series_v4_2_arb_row_col.v" into library xil_defaultlib
INFO: [VRFC 10-311] analyzing module mig_7series_v4_2_arb_row_col
WARNING: [VRFC 10-8332] begin/end is required for generate-for in this mode of Verilog [C:/Users/ethan/Documents/GitHub/Ray-Tracing/FPGA-HDL/work/vivado/WhittedV1/WhittedV1.srcs/sources_1/ip/mig_7series_0/mig_7series_0/user_design/rtl/controller/mig_7series_v4_2_arb_row_col.v:252]
INFO: [VRFC 10-2263] Analyzing Verilog file "C:/Users/ethan/Documents/GitHub/Ray-Tracing/FPGA-HDL/work/vivado/WhittedV1/WhittedV1.srcs/sources_1/ip/mig_7series_0/mig_7series_0/user_design/rtl/controller/mig_7series_v4_2_arb_select.v" into library xil_defaultlib
INFO: [VRFC 10-311] analyzing module mig_7series_v4_2_arb_select
INFO: [VRFC 10-2263] Analyzing Verilog file "C:/Users/ethan/Documents/GitHub/Ray-Tracing/FPGA-HDL/work/vivado/WhittedV1/WhittedV1.srcs/sources_1/ip/mig_7series_0/mig_7series_0/user_design/rtl/controller/mig_7series_v4_2_bank_cntrl.v" into library xil_defaultlib
INFO: [VRFC 10-311] analyzing module mig_7series_v4_2_bank_cntrl
INFO: [VRFC 10-2263] Analyzing Verilog file "C:/Users/ethan/Documents/GitHub/Ray-Tracing/FPGA-HDL/work/vivado/WhittedV1/WhittedV1.srcs/sources_1/ip/mig_7series_0/mig_7series_0/user_design/rtl/controller/mig_7series_v4_2_bank_common.v" into library xil_defaultlib
INFO: [VRFC 10-311] analyzing module mig_7series_v4_2_bank_common
INFO: [VRFC 10-2263] Analyzing Verilog file "C:/Users/ethan/Documents/GitHub/Ray-Tracing/FPGA-HDL/work/vivado/WhittedV1/WhittedV1.srcs/sources_1/ip/mig_7series_0/mig_7series_0/user_design/rtl/controller/mig_7series_v4_2_bank_compare.v" into library xil_defaultlib
INFO: [VRFC 10-311] analyzing module mig_7series_v4_2_bank_compare
INFO: [VRFC 10-2263] Analyzing Verilog file "C:/Users/ethan/Documents/GitHub/Ray-Tracing/FPGA-HDL/work/vivado/WhittedV1/WhittedV1.srcs/sources_1/ip/mig_7series_0/mig_7series_0/user_design/rtl/controller/mig_7series_v4_2_bank_mach.v" into library xil_defaultlib
INFO: [VRFC 10-311] analyzing module mig_7series_v4_2_bank_mach
INFO: [VRFC 10-2263] Analyzing Verilog file "C:/Users/ethan/Documents/GitHub/Ray-Tracing/FPGA-HDL/work/vivado/WhittedV1/WhittedV1.srcs/sources_1/ip/mig_7series_0/mig_7series_0/user_design/rtl/controller/mig_7series_v4_2_bank_queue.v" into library xil_defaultlib
INFO: [VRFC 10-311] analyzing module mig_7series_v4_2_bank_queue
INFO: [VRFC 10-2263] Analyzing Verilog file "C:/Users/ethan/Documents/GitHub/Ray-Tracing/FPGA-HDL/work/vivado/WhittedV1/WhittedV1.srcs/sources_1/ip/mig_7series_0/mig_7series_0/user_design/rtl/controller/mig_7series_v4_2_bank_state.v" into library xil_defaultlib
INFO: [VRFC 10-311] analyzing module mig_7series_v4_2_bank_state
INFO: [VRFC 10-2263] Analyzing Verilog file "C:/Users/ethan/Documents/GitHub/Ray-Tracing/FPGA-HDL/work/vivado/WhittedV1/WhittedV1.srcs/sources_1/ip/mig_7series_0/mig_7series_0/user_design/rtl/controller/mig_7series_v4_2_col_mach.v" into library xil_defaultlib
INFO: [VRFC 10-311] analyzing module mig_7series_v4_2_col_mach
INFO: [VRFC 10-2263] Analyzing Verilog file "C:/Users/ethan/Documents/GitHub/Ray-Tracing/FPGA-HDL/work/vivado/WhittedV1/WhittedV1.srcs/sources_1/ip/mig_7series_0/mig_7series_0/user_design/rtl/controller/mig_7series_v4_2_mc.v" into library xil_defaultlib
INFO: [VRFC 10-311] analyzing module mig_7series_v4_2_mc
INFO: [VRFC 10-2263] Analyzing Verilog file "C:/Users/ethan/Documents/GitHub/Ray-Tracing/FPGA-HDL/work/vivado/WhittedV1/WhittedV1.srcs/sources_1/ip/mig_7series_0/mig_7series_0/user_design/rtl/controller/mig_7series_v4_2_rank_cntrl.v" into library xil_defaultlib
INFO: [VRFC 10-311] analyzing module mig_7series_v4_2_rank_cntrl
INFO: [VRFC 10-2263] Analyzing Verilog file "C:/Users/ethan/Documents/GitHub/Ray-Tracing/FPGA-HDL/work/vivado/WhittedV1/WhittedV1.srcs/sources_1/ip/mig_7series_0/mig_7series_0/user_design/rtl/controller/mig_7series_v4_2_rank_common.v" into library xil_defaultlib
INFO: [VRFC 10-311] analyzing module mig_7series_v4_2_rank_common
INFO: [VRFC 10-2263] Analyzing Verilog file "C:/Users/ethan/Documents/GitHub/Ray-Tracing/FPGA-HDL/work/vivado/WhittedV1/WhittedV1.srcs/sources_1/ip/mig_7series_0/mig_7series_0/user_design/rtl/controller/mig_7series_v4_2_rank_mach.v" into library xil_defaultlib
INFO: [VRFC 10-311] analyzing module mig_7series_v4_2_rank_mach
INFO: [VRFC 10-2263] Analyzing Verilog file "C:/Users/ethan/Documents/GitHub/Ray-Tracing/FPGA-HDL/work/vivado/WhittedV1/WhittedV1.srcs/sources_1/ip/mig_7series_0/mig_7series_0/user_design/rtl/controller/mig_7series_v4_2_round_robin_arb.v" into library xil_defaultlib
INFO: [VRFC 10-311] analyzing module mig_7series_v4_2_round_robin_arb
INFO: [VRFC 10-2263] Analyzing Verilog file "C:/Users/ethan/Documents/GitHub/Ray-Tracing/FPGA-HDL/work/vivado/WhittedV1/WhittedV1.srcs/sources_1/ip/mig_7series_0/mig_7series_0/user_design/rtl/ecc/mig_7series_v4_2_ecc_buf.v" into library xil_defaultlib
INFO: [VRFC 10-311] analyzing module mig_7series_v4_2_ecc_buf
INFO: [VRFC 10-2263] Analyzing Verilog file "C:/Users/ethan/Documents/GitHub/Ray-Tracing/FPGA-HDL/work/vivado/WhittedV1/WhittedV1.srcs/sources_1/ip/mig_7series_0/mig_7series_0/user_design/rtl/ecc/mig_7series_v4_2_ecc_dec_fix.v" into library xil_defaultlib
INFO: [VRFC 10-311] analyzing module mig_7series_v4_2_ecc_dec_fix
INFO: [VRFC 10-2263] Analyzing Verilog file "C:/Users/ethan/Documents/GitHub/Ray-Tracing/FPGA-HDL/work/vivado/WhittedV1/WhittedV1.srcs/sources_1/ip/mig_7series_0/mig_7series_0/user_design/rtl/ecc/mig_7series_v4_2_ecc_gen.v" into library xil_defaultlib
INFO: [VRFC 10-311] analyzing module mig_7series_v4_2_ecc_gen
INFO: [VRFC 10-2263] Analyzing Verilog file "C:/Users/ethan/Documents/GitHub/Ray-Tracing/FPGA-HDL/work/vivado/WhittedV1/WhittedV1.srcs/sources_1/ip/mig_7series_0/mig_7series_0/user_design/rtl/ecc/mig_7series_v4_2_ecc_merge_enc.v" into library xil_defaultlib
INFO: [VRFC 10-311] analyzing module mig_7series_v4_2_ecc_merge_enc
INFO: [VRFC 10-2263] Analyzing Verilog file "C:/Users/ethan/Documents/GitHub/Ray-Tracing/FPGA-HDL/work/vivado/WhittedV1/WhittedV1.srcs/sources_1/ip/mig_7series_0/mig_7series_0/user_design/rtl/ecc/mig_7series_v4_2_fi_xor.v" into library xil_defaultlib
INFO: [VRFC 10-311] analyzing module mig_7series_v4_2_fi_xor
INFO: [VRFC 10-2263] Analyzing Verilog file "C:/Users/ethan/Documents/GitHub/Ray-Tracing/FPGA-HDL/work/vivado/WhittedV1/WhittedV1.srcs/sources_1/ip/mig_7series_0/mig_7series_0/user_design/rtl/ip_top/mig_7series_v4_2_memc_ui_top_std.v" into library xil_defaultlib
INFO: [VRFC 10-311] analyzing module mig_7series_v4_2_memc_ui_top_std
INFO: [VRFC 10-2263] Analyzing Verilog file "C:/Users/ethan/Documents/GitHub/Ray-Tracing/FPGA-HDL/work/vivado/WhittedV1/WhittedV1.srcs/sources_1/ip/mig_7series_0/mig_7series_0/user_design/rtl/ip_top/mig_7series_v4_2_mem_intfc.v" into library xil_defaultlib
INFO: [VRFC 10-311] analyzing module mig_7series_v4_2_mem_intfc
INFO: [VRFC 10-2263] Analyzing Verilog file "C:/Users/ethan/Documents/GitHub/Ray-Tracing/FPGA-HDL/work/vivado/WhittedV1/WhittedV1.srcs/sources_1/ip/mig_7series_0/mig_7series_0/user_design/rtl/phy/mig_7series_v4_2_ddr_byte_group_io.v" into library xil_defaultlib
INFO: [VRFC 10-311] analyzing module mig_7series_v4_2_ddr_byte_group_io
INFO: [VRFC 10-2263] Analyzing Verilog file "C:/Users/ethan/Documents/GitHub/Ray-Tracing/FPGA-HDL/work/vivado/WhittedV1/WhittedV1.srcs/sources_1/ip/mig_7series_0/mig_7series_0/user_design/rtl/phy/mig_7series_v4_2_ddr_byte_lane.v" into library xil_defaultlib
INFO: [VRFC 10-311] analyzing module mig_7series_v4_2_ddr_byte_lane
INFO: [VRFC 10-2263] Analyzing Verilog file "C:/Users/ethan/Documents/GitHub/Ray-Tracing/FPGA-HDL/work/vivado/WhittedV1/WhittedV1.srcs/sources_1/ip/mig_7series_0/mig_7series_0/user_design/rtl/phy/mig_7series_v4_2_ddr_calib_top.v" into library xil_defaultlib
INFO: [VRFC 10-311] analyzing module mig_7series_v4_2_ddr_calib_top
INFO: [VRFC 10-2263] Analyzing Verilog file "C:/Users/ethan/Documents/GitHub/Ray-Tracing/FPGA-HDL/work/vivado/WhittedV1/WhittedV1.srcs/sources_1/ip/mig_7series_0/mig_7series_0/user_design/rtl/phy/mig_7series_v4_2_ddr_if_post_fifo.v" into library xil_defaultlib
INFO: [VRFC 10-311] analyzing module mig_7series_v4_2_ddr_if_post_fifo
INFO: [VRFC 10-2263] Analyzing Verilog file "C:/Users/ethan/Documents/GitHub/Ray-Tracing/FPGA-HDL/work/vivado/WhittedV1/WhittedV1.srcs/sources_1/ip/mig_7series_0/mig_7series_0/user_design/rtl/phy/mig_7series_v4_2_ddr_mc_phy.v" into library xil_defaultlib
INFO: [VRFC 10-311] analyzing module mig_7series_v4_2_ddr_mc_phy
INFO: [VRFC 10-2263] Analyzing Verilog file "C:/Users/ethan/Documents/GitHub/Ray-Tracing/FPGA-HDL/work/vivado/WhittedV1/WhittedV1.srcs/sources_1/ip/mig_7series_0/mig_7series_0/user_design/rtl/phy/mig_7series_v4_2_ddr_mc_phy_wrapper.v" into library xil_defaultlib
INFO: [VRFC 10-311] analyzing module mig_7series_v4_2_ddr_mc_phy_wrapper
INFO: [VRFC 10-2263] Analyzing Verilog file "C:/Users/ethan/Documents/GitHub/Ray-Tracing/FPGA-HDL/work/vivado/WhittedV1/WhittedV1.srcs/sources_1/ip/mig_7series_0/mig_7series_0/user_design/rtl/phy/mig_7series_v4_2_ddr_of_pre_fifo.v" into library xil_defaultlib
INFO: [VRFC 10-311] analyzing module mig_7series_v4_2_ddr_of_pre_fifo
INFO: [VRFC 10-2263] Analyzing Verilog file "C:/Users/ethan/Documents/GitHub/Ray-Tracing/FPGA-HDL/work/vivado/WhittedV1/WhittedV1.srcs/sources_1/ip/mig_7series_0/mig_7series_0/user_design/rtl/phy/mig_7series_v4_2_ddr_phy_4lanes.v" into library xil_defaultlib
INFO: [VRFC 10-311] analyzing module mig_7series_v4_2_ddr_phy_4lanes
INFO: [VRFC 10-2263] Analyzing Verilog file "C:/Users/ethan/Documents/GitHub/Ray-Tracing/FPGA-HDL/work/vivado/WhittedV1/WhittedV1.srcs/sources_1/ip/mig_7series_0/mig_7series_0/user_design/rtl/phy/mig_7series_v4_2_ddr_phy_ck_addr_cmd_delay.v" into library xil_defaultlib
INFO: [VRFC 10-311] analyzing module mig_7series_v4_2_ddr_phy_ck_addr_cmd_delay
INFO: [VRFC 10-2263] Analyzing Verilog file "C:/Users/ethan/Documents/GitHub/Ray-Tracing/FPGA-HDL/work/vivado/WhittedV1/WhittedV1.srcs/sources_1/ip/mig_7series_0/mig_7series_0/user_design/rtl/phy/mig_7series_v4_2_ddr_phy_dqs_found_cal.v" into library xil_defaultlib
INFO: [VRFC 10-311] analyzing module mig_7series_v4_2_ddr_phy_dqs_found_cal
INFO: [VRFC 10-2263] Analyzing Verilog file "C:/Users/ethan/Documents/GitHub/Ray-Tracing/FPGA-HDL/work/vivado/WhittedV1/WhittedV1.srcs/sources_1/ip/mig_7series_0/mig_7series_0/user_design/rtl/phy/mig_7series_v4_2_ddr_phy_dqs_found_cal_hr.v" into library xil_defaultlib
INFO: [VRFC 10-311] analyzing module mig_7series_v4_2_ddr_phy_dqs_found_cal_hr
INFO: [VRFC 10-2263] Analyzing Verilog file "C:/Users/ethan/Documents/GitHub/Ray-Tracing/FPGA-HDL/work/vivado/WhittedV1/WhittedV1.srcs/sources_1/ip/mig_7series_0/mig_7series_0/user_design/rtl/phy/mig_7series_v4_2_ddr_phy_init.v" into library xil_defaultlib
INFO: [VRFC 10-311] analyzing module mig_7series_v4_2_ddr_phy_init
INFO: [VRFC 10-2263] Analyzing Verilog file "C:/Users/ethan/Documents/GitHub/Ray-Tracing/FPGA-HDL/work/vivado/WhittedV1/WhittedV1.srcs/sources_1/ip/mig_7series_0/mig_7series_0/user_design/rtl/phy/mig_7series_v4_2_ddr_phy_ocd_cntlr.v" into library xil_defaultlib
INFO: [VRFC 10-311] analyzing module mig_7series_v4_2_ddr_phy_ocd_cntlr
INFO: [VRFC 10-2263] Analyzing Verilog file "C:/Users/ethan/Documents/GitHub/Ray-Tracing/FPGA-HDL/work/vivado/WhittedV1/WhittedV1.srcs/sources_1/ip/mig_7series_0/mig_7series_0/user_design/rtl/phy/mig_7series_v4_2_ddr_phy_ocd_data.v" into library xil_defaultlib
INFO: [VRFC 10-311] analyzing module mig_7series_v4_2_ddr_phy_ocd_data
INFO: [VRFC 10-2263] Analyzing Verilog file "C:/Users/ethan/Documents/GitHub/Ray-Tracing/FPGA-HDL/work/vivado/WhittedV1/WhittedV1.srcs/sources_1/ip/mig_7series_0/mig_7series_0/user_design/rtl/phy/mig_7series_v4_2_ddr_phy_ocd_edge.v" into library xil_defaultlib
INFO: [VRFC 10-311] analyzing module mig_7series_v4_2_ddr_phy_ocd_edge
INFO: [VRFC 10-2263] Analyzing Verilog file "C:/Users/ethan/Documents/GitHub/Ray-Tracing/FPGA-HDL/work/vivado/WhittedV1/WhittedV1.srcs/sources_1/ip/mig_7series_0/mig_7series_0/user_design/rtl/phy/mig_7series_v4_2_ddr_phy_ocd_lim.v" into library xil_defaultlib
INFO: [VRFC 10-311] analyzing module mig_7series_v4_2_ddr_phy_ocd_lim
INFO: [VRFC 10-2263] Analyzing Verilog file "C:/Users/ethan/Documents/GitHub/Ray-Tracing/FPGA-HDL/work/vivado/WhittedV1/WhittedV1.srcs/sources_1/ip/mig_7series_0/mig_7series_0/user_design/rtl/phy/mig_7series_v4_2_ddr_phy_ocd_mux.v" into library xil_defaultlib
INFO: [VRFC 10-311] analyzing module mig_7series_v4_2_ddr_phy_ocd_mux
INFO: [VRFC 10-2263] Analyzing Verilog file "C:/Users/ethan/Documents/GitHub/Ray-Tracing/FPGA-HDL/work/vivado/WhittedV1/WhittedV1.srcs/sources_1/ip/mig_7series_0/mig_7series_0/user_design/rtl/phy/mig_7series_v4_2_ddr_phy_ocd_po_cntlr.v" into library xil_defaultlib
INFO: [VRFC 10-311] analyzing module mig_7series_v4_2_ddr_phy_ocd_po_cntlr
INFO: [VRFC 10-2263] Analyzing Verilog file "C:/Users/ethan/Documents/GitHub/Ray-Tracing/FPGA-HDL/work/vivado/WhittedV1/WhittedV1.srcs/sources_1/ip/mig_7series_0/mig_7series_0/user_design/rtl/phy/mig_7series_v4_2_ddr_phy_ocd_samp.v" into library xil_defaultlib
INFO: [VRFC 10-311] analyzing module mig_7series_v4_2_ddr_phy_ocd_samp
INFO: [VRFC 10-2263] Analyzing Verilog file "C:/Users/ethan/Documents/GitHub/Ray-Tracing/FPGA-HDL/work/vivado/WhittedV1/WhittedV1.srcs/sources_1/ip/mig_7series_0/mig_7series_0/user_design/rtl/phy/mig_7series_v4_2_ddr_phy_oclkdelay_cal.v" into library xil_defaultlib
INFO: [VRFC 10-311] analyzing module mig_7series_v4_2_ddr_phy_oclkdelay_cal
INFO: [VRFC 10-2263] Analyzing Verilog file "C:/Users/ethan/Documents/GitHub/Ray-Tracing/FPGA-HDL/work/vivado/WhittedV1/WhittedV1.srcs/sources_1/ip/mig_7series_0/mig_7series_0/user_design/rtl/phy/mig_7series_v4_2_ddr_phy_prbs_rdlvl.v" into library xil_defaultlib
INFO: [VRFC 10-311] analyzing module mig_7series_v4_2_ddr_phy_prbs_rdlvl
INFO: [VRFC 10-2263] Analyzing Verilog file "C:/Users/ethan/Documents/GitHub/Ray-Tracing/FPGA-HDL/work/vivado/WhittedV1/WhittedV1.srcs/sources_1/ip/mig_7series_0/mig_7series_0/user_design/rtl/phy/mig_7series_v4_2_ddr_phy_rdlvl.v" into library xil_defaultlib
INFO: [VRFC 10-311] analyzing module mig_7series_v4_2_ddr_phy_rdlvl
INFO: [VRFC 10-2263] Analyzing Verilog file "C:/Users/ethan/Documents/GitHub/Ray-Tracing/FPGA-HDL/work/vivado/WhittedV1/WhittedV1.srcs/sources_1/ip/mig_7series_0/mig_7series_0/user_design/rtl/phy/mig_7series_v4_2_ddr_phy_tempmon.v" into library xil_defaultlib
INFO: [VRFC 10-311] analyzing module mig_7series_v4_2_ddr_phy_tempmon
INFO: [VRFC 10-2263] Analyzing Verilog file "C:/Users/ethan/Documents/GitHub/Ray-Tracing/FPGA-HDL/work/vivado/WhittedV1/WhittedV1.srcs/sources_1/ip/mig_7series_0/mig_7series_0/user_design/rtl/phy/mig_7series_v4_2_ddr_phy_top.v" into library xil_defaultlib
INFO: [VRFC 10-311] analyzing module mig_7series_v4_2_ddr_phy_top
INFO: [VRFC 10-2263] Analyzing Verilog file "C:/Users/ethan/Documents/GitHub/Ray-Tracing/FPGA-HDL/work/vivado/WhittedV1/WhittedV1.srcs/sources_1/ip/mig_7series_0/mig_7series_0/user_design/rtl/phy/mig_7series_v4_2_ddr_phy_wrcal.v" into library xil_defaultlib
INFO: [VRFC 10-311] analyzing module mig_7series_v4_2_ddr_phy_wrcal
INFO: [VRFC 10-2263] Analyzing Verilog file "C:/Users/ethan/Documents/GitHub/Ray-Tracing/FPGA-HDL/work/vivado/WhittedV1/WhittedV1.srcs/sources_1/ip/mig_7series_0/mig_7series_0/user_design/rtl/phy/mig_7series_v4_2_ddr_phy_wrlvl.v" into library xil_defaultlib
INFO: [VRFC 10-311] analyzing module mig_7series_v4_2_ddr_phy_wrlvl
INFO: [VRFC 10-2263] Analyzing Verilog file "C:/Users/ethan/Documents/GitHub/Ray-Tracing/FPGA-HDL/work/vivado/WhittedV1/WhittedV1.srcs/sources_1/ip/mig_7series_0/mig_7series_0/user_design/rtl/phy/mig_7series_v4_2_ddr_phy_wrlvl_off_delay.v" into library xil_defaultlib
INFO: [VRFC 10-311] analyzing module mig_7series_v4_2_ddr_phy_wrlvl_off_delay
INFO: [VRFC 10-2263] Analyzing Verilog file "C:/Users/ethan/Documents/GitHub/Ray-Tracing/FPGA-HDL/work/vivado/WhittedV1/WhittedV1.srcs/sources_1/ip/mig_7series_0/mig_7series_0/user_design/rtl/phy/mig_7series_v4_2_ddr_prbs_gen.v" into library xil_defaultlib
INFO: [VRFC 10-311] analyzing module mig_7series_v4_2_ddr_prbs_gen
INFO: [VRFC 10-2263] Analyzing Verilog file "C:/Users/ethan/Documents/GitHub/Ray-Tracing/FPGA-HDL/work/vivado/WhittedV1/WhittedV1.srcs/sources_1/ip/mig_7series_0/mig_7series_0/user_design/rtl/phy/mig_7series_v4_2_ddr_skip_calib_tap.v" into library xil_defaultlib
INFO: [VRFC 10-311] analyzing module mig_7series_v4_2_ddr_skip_calib_tap
INFO: [VRFC 10-2263] Analyzing Verilog file "C:/Users/ethan/Documents/GitHub/Ray-Tracing/FPGA-HDL/work/vivado/WhittedV1/WhittedV1.srcs/sources_1/ip/mig_7series_0/mig_7series_0/user_design/rtl/phy/mig_7series_v4_2_poc_cc.v" into library xil_defaultlib
INFO: [VRFC 10-311] analyzing module mig_7series_v4_2_poc_cc
INFO: [VRFC 10-2263] Analyzing Verilog file "C:/Users/ethan/Documents/GitHub/Ray-Tracing/FPGA-HDL/work/vivado/WhittedV1/WhittedV1.srcs/sources_1/ip/mig_7series_0/mig_7series_0/user_design/rtl/phy/mig_7series_v4_2_poc_edge_store.v" into library xil_defaultlib
INFO: [VRFC 10-311] analyzing module mig_7series_v4_2_poc_edge_store
INFO: [VRFC 10-2263] Analyzing Verilog file "C:/Users/ethan/Documents/GitHub/Ray-Tracing/FPGA-HDL/work/vivado/WhittedV1/WhittedV1.srcs/sources_1/ip/mig_7series_0/mig_7series_0/user_design/rtl/phy/mig_7series_v4_2_poc_meta.v" into library xil_defaultlib
INFO: [VRFC 10-311] analyzing module mig_7series_v4_2_poc_meta
INFO: [VRFC 10-2263] Analyzing Verilog file "C:/Users/ethan/Documents/GitHub/Ray-Tracing/FPGA-HDL/work/vivado/WhittedV1/WhittedV1.srcs/sources_1/ip/mig_7series_0/mig_7series_0/user_design/rtl/phy/mig_7series_v4_2_poc_pd.v" into library xil_defaultlib
INFO: [VRFC 10-311] analyzing module mig_7series_v4_2_poc_pd
INFO: [VRFC 10-2263] Analyzing Verilog file "C:/Users/ethan/Documents/GitHub/Ray-Tracing/FPGA-HDL/work/vivado/WhittedV1/WhittedV1.srcs/sources_1/ip/mig_7series_0/mig_7series_0/user_design/rtl/phy/mig_7series_v4_2_poc_tap_base.v" into library xil_defaultlib
INFO: [VRFC 10-311] analyzing module mig_7series_v4_2_poc_tap_base
INFO: [VRFC 10-2263] Analyzing Verilog file "C:/Users/ethan/Documents/GitHub/Ray-Tracing/FPGA-HDL/work/vivado/WhittedV1/WhittedV1.srcs/sources_1/ip/mig_7series_0/mig_7series_0/user_design/rtl/phy/mig_7series_v4_2_poc_top.v" into library xil_defaultlib
INFO: [VRFC 10-311] analyzing module mig_7series_v4_2_poc_top
INFO: [VRFC 10-2263] Analyzing Verilog file "C:/Users/ethan/Documents/GitHub/Ray-Tracing/FPGA-HDL/work/vivado/WhittedV1/WhittedV1.srcs/sources_1/ip/mig_7series_0/mig_7series_0/user_design/rtl/ui/mig_7series_v4_2_ui_cmd.v" into library xil_defaultlib
INFO: [VRFC 10-311] analyzing module mig_7series_v4_2_ui_cmd
INFO: [VRFC 10-2263] Analyzing Verilog file "C:/Users/ethan/Documents/GitHub/Ray-Tracing/FPGA-HDL/work/vivado/WhittedV1/WhittedV1.srcs/sources_1/ip/mig_7series_0/mig_7series_0/user_design/rtl/ui/mig_7series_v4_2_ui_rd_data.v" into library xil_defaultlib
INFO: [VRFC 10-311] analyzing module mig_7series_v4_2_ui_rd_data
INFO: [VRFC 10-2263] Analyzing Verilog file "C:/Users/ethan/Documents/GitHub/Ray-Tracing/FPGA-HDL/work/vivado/WhittedV1/WhittedV1.srcs/sources_1/ip/mig_7series_0/mig_7series_0/user_design/rtl/ui/mig_7series_v4_2_ui_top.v" into library xil_defaultlib
INFO: [VRFC 10-311] analyzing module mig_7series_v4_2_ui_top
INFO: [VRFC 10-2263] Analyzing Verilog file "C:/Users/ethan/Documents/GitHub/Ray-Tracing/FPGA-HDL/work/vivado/WhittedV1/WhittedV1.srcs/sources_1/ip/mig_7series_0/mig_7series_0/user_design/rtl/ui/mig_7series_v4_2_ui_wr_data.v" into library xil_defaultlib
INFO: [VRFC 10-311] analyzing module mig_7series_v4_2_ui_wr_data
INFO: [VRFC 10-2263] Analyzing Verilog file "C:/Users/ethan/Documents/GitHub/Ray-Tracing/FPGA-HDL/work/vivado/WhittedV1/WhittedV1.srcs/sources_1/ip/mig_7series_0/mig_7series_0/user_design/rtl/mig_7series_0_mig_sim.v" into library xil_defaultlib
INFO: [VRFC 10-311] analyzing module mig_7series_0_mig
INFO: [VRFC 10-2458] undeclared symbol dbg_sel_po_incdec, assumed default net type wire [C:/Users/ethan/Documents/GitHub/Ray-Tracing/FPGA-HDL/work/vivado/WhittedV1/WhittedV1.srcs/sources_1/ip/mig_7series_0/mig_7series_0/user_design/rtl/mig_7series_0_mig_sim.v:1096]
INFO: [VRFC 10-2458] undeclared symbol dbg_po_f_inc, assumed default net type wire [C:/Users/ethan/Documents/GitHub/Ray-Tracing/FPGA-HDL/work/vivado/WhittedV1/WhittedV1.srcs/sources_1/ip/mig_7series_0/mig_7series_0/user_design/rtl/mig_7series_0_mig_sim.v:1100]
INFO: [VRFC 10-2458] undeclared symbol dbg_po_f_stg23_sel, assumed default net type wire [C:/Users/ethan/Documents/GitHub/Ray-Tracing/FPGA-HDL/work/vivado/WhittedV1/WhittedV1.srcs/sources_1/ip/mig_7series_0/mig_7series_0/user_design/rtl/mig_7series_0_mig_sim.v:1101]
INFO: [VRFC 10-2458] undeclared symbol dbg_po_f_dec, assumed default net type wire [C:/Users/ethan/Documents/GitHub/Ray-Tracing/FPGA-HDL/work/vivado/WhittedV1/WhittedV1.srcs/sources_1/ip/mig_7series_0/mig_7series_0/user_design/rtl/mig_7series_0_mig_sim.v:1102]
INFO: [VRFC 10-2263] Analyzing Verilog file "C:/Users/ethan/Documents/GitHub/Ray-Tracing/FPGA-HDL/work/vivado/WhittedV1/WhittedV1.srcs/sources_1/ip/mig_7series_0/mig_7series_0/user_design/rtl/mig_7series_0.v" into library xil_defaultlib
INFO: [VRFC 10-311] analyzing module mig_7series_0
INFO: [VRFC 10-2263] Analyzing Verilog file "C:/Users/ethan/Documents/GitHub/Ray-Tracing/FPGA-HDL/work/vivado/WhittedV1/WhittedV1.srcs/sources_1/ip/clk_wiz_0/clk_wiz_0_sim_netlist.v" into library xil_defaultlib
INFO: [VRFC 10-311] analyzing module clk_wiz_0
INFO: [VRFC 10-311] analyzing module clk_wiz_0_clk_wiz_0_clk_wiz
INFO: [VRFC 10-2263] Analyzing Verilog file "C:/Users/ethan/Documents/GitHub/Ray-Tracing/FPGA-HDL/work/vivado/WhittedV1/WhittedV1.srcs/sources_1/new/Arbitrator.v" into library xil_defaultlib
INFO: [VRFC 10-311] analyzing module arbitrator_ram_rd
INFO: [VRFC 10-2263] Analyzing Verilog file "C:/Users/ethan/Documents/GitHub/Ray-Tracing/FPGA-HDL/work/vivado/WhittedV1/WhittedV1.srcs/sources_1/new/ram_run_top.v" into library xil_defaultlib
INFO: [VRFC 10-311] analyzing module ram_run_top
INFO: [VRFC 10-2263] Analyzing Verilog file "C:/Users/ethan/Documents/GitHub/Ray-Tracing/FPGA-HDL/work/vivado/WhittedV1/WhittedV1.srcs/sources_1/new/ram_write_arbitrator.v" into library xil_defaultlib
INFO: [VRFC 10-311] analyzing module ram_write_arbitrator
INFO: [VRFC 10-2263] Analyzing Verilog file "C:/Users/ethan/Documents/GitHub/Ray-Tracing/FPGA-HDL/work/vivado/WhittedV1/WhittedV1.srcs/sources_1/imports/verilog/reset_conditioner_1.v" into library xil_defaultlib
INFO: [VRFC 10-311] analyzing module reset_conditioner_1
INFO: [VRFC 10-2263] Analyzing Verilog file "C:/Users/ethan/Documents/GitHub/Ray-Tracing/FPGA-HDL/work/vivado/WhittedV1/WhittedV1.srcs/sources_1/new/vgaToRt.v" into library xil_defaultlib
INFO: [VRFC 10-311] analyzing module vgaToRt
INFO: [VRFC 10-2263] Analyzing SystemVerilog file "C:/Users/ethan/Documents/GitHub/Ray-Tracing/FPGA-HDL/work/vivado/WhittedV1/WhittedV1.srcs/sources_1/new/RayTracer.v" into library xil_defaultlib
INFO: [VRFC 10-311] analyzing module RayTracer
INFO: [VRFC 10-2263] Analyzing SystemVerilog file "C:/Users/ethan/Documents/GitHub/Ray-Tracing/FPGA-HDL/work/vivado/WhittedV1/WhittedV1.srcs/sources_1/new/Top.v" into library xil_defaultlib
INFO: [VRFC 10-311] analyzing module Top
INFO: [VRFC 10-2263] Analyzing SystemVerilog file "C:/Users/ethan/Documents/GitHub/Ray-Tracing/FPGA-HDL/work/vivado/WhittedV1/WhittedV1.srcs/sources_1/new/VGADriver.v" into library xil_defaultlib
INFO: [VRFC 10-311] analyzing module VGADriver
INFO: [VRFC 10-2263] Analyzing SystemVerilog file "C:/Users/ethan/Documents/GitHub/Ray-Tracing/FPGA-HDL/work/vivado/WhittedV1/WhittedV1.srcs/sources_1/imports/verilog/au_top_0.v" into library xil_defaultlib
INFO: [VRFC 10-311] analyzing module MemController
INFO: [VRFC 10-2263] Analyzing Verilog file "C:/Users/ethan/Documents/GitHub/Ray-Tracing/FPGA-HDL/work/vivado/WhittedV1/WhittedV1.sim/sim_1/behav/xsim/glbl.v" into library xil_defaultlib
INFO: [VRFC 10-311] analyzing module glbl
WARNING: [VRFC 10-3609] overwriting previous definition of module 'glbl' [C:/Users/ethan/Documents/GitHub/Ray-Tracing/FPGA-HDL/work/vivado/WhittedV1/WhittedV1.sim/sim_1/behav/xsim/glbl.v:6]
